2025-10-20 10:31:49,771 - INFO - ============================================================
2025-10-20 10:31:49,771 - INFO - ACTUALIZACIÓN DIARIA - 2025-10-20
2025-10-20 10:31:49,771 - INFO - ============================================================
2025-10-20 10:31:49,771 - INFO - [1/10] Procesando SPY...
2025-10-20 10:31:55,009 - INFO - SPY: 1680 contratos, 1545 con datos
2025-10-20 10:31:55,176 - INFO - SPY: Agregado. Total registros: 26,986
2025-10-20 10:31:55,203 - INFO - [2/10] Procesando QQQ...
2025-10-20 10:32:00,569 - INFO - QQQ: 1520 contratos, 1398 con datos
2025-10-20 10:32:00,593 - INFO - QQQ: Agregado. Total registros: 20,888
2025-10-20 10:32:00,634 - INFO - [3/10] Procesando IWM...
2025-10-20 10:32:06,134 - INFO - IWM: 880 contratos, 761 con datos
2025-10-20 10:32:06,159 - INFO - IWM: Agregado. Total registros: 14,250
2025-10-20 10:32:06,211 - INFO - [4/10] Procesando AAPL...
2025-10-20 10:32:08,238 - INFO - AAPL: 556 contratos, 474 con datos
2025-10-20 10:32:08,244 - INFO - AAPL: Agregado. Total registros: 3,752
2025-10-20 10:32:08,251 - INFO - [5/10] Procesando MSFT...
2025-10-20 10:32:10,954 - INFO - MSFT: 870 contratos, 709 con datos
2025-10-20 10:32:10,966 - INFO - MSFT: Agregado. Total registros: 5,762
2025-10-20 10:32:10,982 - INFO - [6/10] Procesando NVDA...
2025-10-20 10:32:14,574 - INFO - NVDA: 1110 contratos, 1014 con datos
2025-10-20 10:32:14,586 - INFO - NVDA: Agregado. Total registros: 5,266
2025-10-20 10:32:14,602 - INFO - [7/10] Procesando TSLA...
2025-10-20 10:32:18,747 - INFO - TSLA: 1362 contratos, 1193 con datos
2025-10-20 10:32:18,762 - INFO - TSLA: Agregado. Total registros: 9,732
2025-10-20 10:32:18,784 - INFO - [8/10] Procesando AMZN...
2025-10-20 10:32:20,159 - INFO - AMZN: 490 contratos, 455 con datos
2025-10-20 10:32:20,164 - INFO - AMZN: Agregado. Total registros: 3,310
2025-10-20 10:32:20,172 - INFO - [9/10] Procesando GLD...
2025-10-20 10:32:25,521 - INFO - GLD: 1524 contratos, 1329 con datos
2025-10-20 10:32:25,532 - INFO - GLD: Agregado. Total registros: 16,220
2025-10-20 10:32:25,548 - INFO - [10/10] Procesando SLV...
2025-10-20 10:32:28,423 - INFO - SLV: 896 contratos, 707 con datos
2025-10-20 10:32:28,435 - INFO - SLV: Agregado. Total registros: 10,490
2025-10-20 10:32:28,458 - INFO - 
============================================================
2025-10-20 10:32:28,459 - INFO - RESUMEN ACTUALIZACIÓN
2025-10-20 10:32:28,459 - INFO - ============================================================
2025-10-20 10:32:28,461 - INFO - Tickers actualizados: 10
2025-10-20 10:32:28,464 - INFO - Total contratos: 10,888
2025-10-20 10:32:28,465 - INFO - Volumen total: 1,853,107
2025-10-20 10:32:28,465 - INFO - ============================================================
2025-10-20 10:32:28,465 - INFO - ✅ Actualización completada
2025-10-20 10:36:01,433 - INFO - ============================================================
2025-10-20 10:36:01,433 - INFO - ACTUALIZACIÓN DIARIA - 2025-10-20
2025-10-20 10:36:01,433 - INFO - ============================================================
2025-10-20 10:36:01,433 - INFO - [1/10] Procesando SPY...
2025-10-20 10:36:08,101 - INFO - SPY: 1680 contratos, 1546 con datos
2025-10-20 10:36:08,196 - INFO - SPY: Fecha 2025-10-20 ya existe, saltando...
2025-10-20 10:36:08,196 - INFO - [2/10] Procesando QQQ...
2025-10-20 10:36:13,532 - INFO - QQQ: 1520 contratos, 1398 con datos
2025-10-20 10:36:13,547 - INFO - QQQ: Fecha 2025-10-20 ya existe, saltando...
2025-10-20 10:36:13,572 - INFO - [3/10] Procesando IWM...
2025-10-20 10:36:17,418 - INFO - IWM: 880 contratos, 761 con datos
2025-10-20 10:36:17,430 - INFO - IWM: Fecha 2025-10-20 ya existe, saltando...
2025-10-20 10:36:17,433 - INFO - [4/10] Procesando AAPL...
2025-10-20 10:36:19,368 - INFO - AAPL: 556 contratos, 474 con datos
2025-10-20 10:36:19,375 - INFO - AAPL: Fecha 2025-10-20 ya existe, saltando...
2025-10-20 10:36:19,375 - INFO - [5/10] Procesando MSFT...
2025-10-20 10:36:22,000 - INFO - MSFT: 870 contratos, 709 con datos
2025-10-20 10:36:22,006 - INFO - MSFT: Fecha 2025-10-20 ya existe, saltando...
2025-10-20 10:36:22,006 - INFO - [6/10] Procesando NVDA...
2025-10-20 10:36:25,407 - INFO - NVDA: 1110 contratos, 1014 con datos
2025-10-20 10:36:25,483 - INFO - NVDA: Fecha 2025-10-20 ya existe, saltando...
2025-10-20 10:36:25,483 - INFO - [7/10] Procesando TSLA...
2025-10-20 10:36:29,660 - INFO - TSLA: 1362 contratos, 1193 con datos
2025-10-20 10:36:29,667 - INFO - TSLA: Fecha 2025-10-20 ya existe, saltando...
2025-10-20 10:36:29,667 - INFO - [8/10] Procesando AMZN...
2025-10-20 10:36:31,045 - INFO - AMZN: 490 contratos, 455 con datos
2025-10-20 10:36:31,064 - INFO - AMZN: Fecha 2025-10-20 ya existe, saltando...
2025-10-20 10:36:31,064 - INFO - [9/10] Procesando GLD...
2025-10-20 10:36:37,018 - INFO - GLD: 1524 contratos, 1331 con datos
2025-10-20 10:36:37,045 - INFO - GLD: Fecha 2025-10-20 ya existe, saltando...
2025-10-20 10:36:37,045 - INFO - [10/10] Procesando SLV...
2025-10-20 10:36:39,989 - INFO - SLV: 896 contratos, 707 con datos
2025-10-20 10:36:40,076 - INFO - SLV: Fecha 2025-10-20 ya existe, saltando...
2025-10-20 10:36:40,076 - INFO - 
============================================================
2025-10-20 10:36:40,088 - INFO - RESUMEN ACTUALIZACIÓN
2025-10-20 10:36:40,092 - INFO - ============================================================
2025-10-20 10:36:40,095 - INFO - ============================================================
2025-10-20 10:36:40,097 - INFO - ✅ Actualización completada
