2025-10-20 09:41:08,371 - INFO - ============================================================
2025-10-20 09:41:08,378 - INFO - INICIO EXTRACCIÓN HISTÓRICA
2025-10-20 09:41:08,379 - INFO - ============================================================
2025-10-20 09:41:08,379 - INFO - Tickers: SPY, QQQ, IWM, AAPL, MSFT, NVDA, TSLA, AMZN, GLD, SLV
2025-10-20 09:41:08,379 - INFO - Período: 2023-10-21 a 2025-10-20
2025-10-20 09:41:08,379 - INFO - ============================================================
2025-10-20 09:41:08,639 - INFO - Fechas a procesar: 104
2025-10-20 09:41:08,639 - INFO - Total extracciones: 1040
2025-10-20 09:41:08,639 - INFO - 
============================================================
2025-10-20 09:41:08,640 - INFO - [1/10] PROCESANDO: SPY
2025-10-20 09:41:08,640 - INFO - ============================================================
2025-10-20 09:41:08,641 - INFO - [1/104] SPY - 2023-10-27
2025-10-20 09:41:09,294 - INFO - [2/104] SPY - 2023-11-03
2025-10-20 09:41:09,880 - INFO - [3/104] SPY - 2023-11-10
2025-10-20 09:41:10,320 - INFO - [4/104] SPY - 2023-11-17
2025-10-20 09:41:10,732 - INFO - [5/104] SPY - 2023-11-24
2025-10-20 09:41:11,220 - INFO - [6/104] SPY - 2023-12-01
2025-10-20 09:41:11,690 - INFO - [7/104] SPY - 2023-12-08
2025-10-20 09:41:12,177 - INFO - [8/104] SPY - 2023-12-15
2025-10-20 09:41:12,639 - INFO - [9/104] SPY - 2023-12-22
2025-10-20 09:41:13,081 - INFO - [10/104] SPY - 2023-12-29
2025-10-20 09:41:13,518 - INFO - [11/104] SPY - 2024-01-05
2025-10-20 09:41:13,970 - INFO - [12/104] SPY - 2024-01-12
2025-10-20 09:41:14,417 - INFO - [13/104] SPY - 2024-01-19
2025-10-20 09:41:14,841 - INFO - [14/104] SPY - 2024-01-26
2025-10-20 09:41:15,244 - INFO - [15/104] SPY - 2024-02-02
2025-10-20 09:41:15,677 - INFO - [16/104] SPY - 2024-02-09
2025-10-20 09:41:16,131 - INFO - [17/104] SPY - 2024-02-16
2025-10-20 09:41:16,572 - INFO - [18/104] SPY - 2024-02-23
2025-10-20 09:41:17,059 - INFO - [19/104] SPY - 2024-03-01
2025-10-20 09:41:17,495 - INFO - [20/104] SPY - 2024-03-08
2025-10-20 09:41:17,923 - INFO - [21/104] SPY - 2024-03-15
2025-10-20 09:41:18,393 - INFO - [22/104] SPY - 2024-03-22
2025-10-20 09:41:18,851 - INFO - [23/104] SPY - 2024-03-29
2025-10-20 09:41:19,293 - INFO - [24/104] SPY - 2024-04-05
2025-10-20 09:41:19,786 - INFO - [25/104] SPY - 2024-04-12
2025-10-20 09:41:20,231 - INFO - [26/104] SPY - 2024-04-19
2025-10-20 09:41:20,685 - INFO - [27/104] SPY - 2024-04-26
2025-10-20 09:41:21,174 - INFO - [28/104] SPY - 2024-05-03
2025-10-20 09:41:21,611 - INFO - [29/104] SPY - 2024-05-10
2025-10-20 09:41:22,046 - INFO - [30/104] SPY - 2024-05-17
2025-10-20 09:41:22,484 - INFO - [31/104] SPY - 2024-05-24
2025-10-20 09:41:22,946 - INFO - [32/104] SPY - 2024-05-31
2025-10-20 09:41:23,380 - INFO - [33/104] SPY - 2024-06-07
2025-10-20 09:41:23,847 - INFO - [34/104] SPY - 2024-06-14
2025-10-20 09:41:24,267 - INFO - [35/104] SPY - 2024-06-21
2025-10-20 09:41:24,841 - INFO - [36/104] SPY - 2024-06-28
2025-10-20 09:41:25,269 - INFO - [37/104] SPY - 2024-07-05
2025-10-20 09:41:25,753 - INFO - [38/104] SPY - 2024-07-12
2025-10-20 09:41:26,204 - INFO - [39/104] SPY - 2024-07-19
2025-10-20 09:41:26,679 - INFO - [40/104] SPY - 2024-07-26
2025-10-20 09:41:27,095 - INFO - [41/104] SPY - 2024-08-02
2025-10-20 09:41:27,537 - INFO - [42/104] SPY - 2024-08-09
2025-10-20 09:41:27,995 - INFO - [43/104] SPY - 2024-08-16
2025-10-20 09:41:28,498 - INFO - [44/104] SPY - 2024-08-23
2025-10-20 09:41:28,998 - INFO - [45/104] SPY - 2024-08-30
2025-10-20 09:41:29,467 - INFO - [46/104] SPY - 2024-09-06
2025-10-20 09:41:29,926 - INFO - [47/104] SPY - 2024-09-13
2025-10-20 09:41:30,351 - INFO - [48/104] SPY - 2024-09-20
2025-10-20 09:41:30,778 - INFO - [49/104] SPY - 2024-09-27
2025-10-20 09:41:31,188 - INFO - [50/104] SPY - 2024-10-04
2025-10-20 09:41:31,690 - INFO - [51/104] SPY - 2024-10-11
2025-10-20 09:41:32,122 - INFO - [52/104] SPY - 2024-10-18
2025-10-20 09:41:32,612 - INFO - [53/104] SPY - 2024-10-25
2025-10-20 09:41:33,080 - INFO - [54/104] SPY - 2024-11-01
2025-10-20 09:41:33,509 - INFO - [55/104] SPY - 2024-11-08
2025-10-20 09:41:33,956 - INFO - [56/104] SPY - 2024-11-15
2025-10-20 09:41:34,350 - INFO - [57/104] SPY - 2024-11-22
2025-10-20 09:41:34,769 - INFO - [58/104] SPY - 2024-11-29
2025-10-20 09:41:35,328 - INFO - [59/104] SPY - 2024-12-06
2025-10-20 09:41:35,817 - INFO - [60/104] SPY - 2024-12-13
2025-10-20 09:41:37,358 - INFO - [61/104] SPY - 2024-12-20
2025-10-20 09:41:37,826 - INFO - [62/104] SPY - 2024-12-27
2025-10-20 09:41:38,261 - INFO - [63/104] SPY - 2025-01-03
2025-10-20 09:41:38,789 - INFO - [64/104] SPY - 2025-01-10
2025-10-20 09:41:39,294 - INFO - [65/104] SPY - 2025-01-17
2025-10-20 09:41:39,851 - INFO - [66/104] SPY - 2025-01-24
2025-10-20 09:41:40,292 - INFO - [67/104] SPY - 2025-01-31
2025-10-20 09:41:40,729 - INFO - [68/104] SPY - 2025-02-07
2025-10-20 09:41:41,157 - INFO - [69/104] SPY - 2025-02-14
2025-10-20 09:41:41,608 - INFO - [70/104] SPY - 2025-02-21
2025-10-20 09:41:42,033 - INFO - [71/104] SPY - 2025-02-28
2025-10-20 09:41:42,496 - INFO - [72/104] SPY - 2025-03-07
2025-10-20 09:41:42,900 - INFO - [73/104] SPY - 2025-03-14
2025-10-20 09:41:43,338 - INFO - [74/104] SPY - 2025-03-21
2025-10-20 09:41:43,763 - INFO - [75/104] SPY - 2025-03-28
2025-10-20 09:41:44,189 - INFO - [76/104] SPY - 2025-04-04
2025-10-20 09:41:44,629 - INFO - [77/104] SPY - 2025-04-11
2025-10-20 09:41:45,034 - INFO - [78/104] SPY - 2025-04-18
2025-10-20 09:41:45,484 - INFO - [79/104] SPY - 2025-04-25
2025-10-20 09:41:45,950 - INFO - [80/104] SPY - 2025-05-02
2025-10-20 09:41:46,362 - INFO - [81/104] SPY - 2025-05-09
2025-10-20 09:41:46,791 - INFO - [82/104] SPY - 2025-05-16
2025-10-20 09:41:47,232 - INFO - [83/104] SPY - 2025-05-23
2025-10-20 09:41:47,763 - INFO - [84/104] SPY - 2025-05-30
2025-10-20 09:41:48,175 - INFO - [85/104] SPY - 2025-06-06
2025-10-20 09:41:48,622 - INFO - [86/104] SPY - 2025-06-13
2025-10-20 09:41:49,075 - INFO - [87/104] SPY - 2025-06-20
2025-10-20 09:41:49,520 - INFO - [88/104] SPY - 2025-06-27
2025-10-20 09:41:49,934 - INFO - [89/104] SPY - 2025-07-04
2025-10-20 09:41:50,428 - INFO - [90/104] SPY - 2025-07-11
2025-10-20 09:41:50,971 - INFO - [91/104] SPY - 2025-07-18
2025-10-20 09:41:51,389 - INFO - [92/104] SPY - 2025-07-25
2025-10-20 09:41:51,820 - INFO - [93/104] SPY - 2025-08-01
2025-10-20 09:41:52,259 - INFO - [94/104] SPY - 2025-08-08
2025-10-20 09:41:52,688 - INFO - [95/104] SPY - 2025-08-15
2025-10-20 09:41:53,112 - INFO - [96/104] SPY - 2025-08-22
2025-10-20 09:41:55,568 - INFO - SPY 2025-08-22: 540 contratos, 427 con datos (79.1%)
2025-10-20 09:41:55,571 - INFO - [97/104] SPY - 2025-08-29
2025-10-20 09:42:04,037 - INFO - SPY 2025-08-29: 1928 contratos, 1444 con datos (74.9%)
2025-10-20 09:42:04,041 - INFO - [98/104] SPY - 2025-09-05
2025-10-20 09:42:16,451 - INFO - SPY 2025-09-05: 3056 contratos, 2300 con datos (75.3%)
2025-10-20 09:42:16,456 - INFO - [99/104] SPY - 2025-09-12
2025-10-20 09:42:27,307 - INFO - SPY 2025-09-12: 3332 contratos, 2552 con datos (76.6%)
2025-10-20 09:42:27,311 - INFO - [100/104] SPY - 2025-09-19
2025-10-20 09:42:39,789 - INFO - SPY 2025-09-19: 3604 contratos, 2774 con datos (77.0%)
2025-10-20 09:42:39,794 - INFO - [101/104] SPY - 2025-09-26
2025-10-20 09:42:53,571 - INFO - SPY 2025-09-26: 3952 contratos, 3102 con datos (78.5%)
2025-10-20 09:42:53,575 - INFO - [102/104] SPY - 2025-10-03
2025-10-20 09:43:11,161 - INFO - SPY 2025-10-03: 4426 contratos, 3549 con datos (80.2%)
2025-10-20 09:43:11,167 - INFO - [103/104] SPY - 2025-10-10
2025-10-20 09:43:21,484 - INFO - SPY 2025-10-10: 3038 contratos, 2459 con datos (80.9%)
2025-10-20 09:43:21,488 - INFO - [104/104] SPY - 2025-10-17
2025-10-20 09:43:26,167 - INFO - SPY 2025-10-17: 1430 contratos, 1282 con datos (89.7%)
2025-10-20 09:43:26,427 - INFO - 
✅ SPY COMPLETADO
2025-10-20 09:43:26,428 - INFO -    Total registros: 25,306
2025-10-20 09:43:26,432 - INFO -    Fechas: 9
2025-10-20 09:43:26,432 - INFO -    Archivo: data/historical/SPY_2years.parquet
2025-10-20 09:43:26,432 - INFO - 
============================================================
2025-10-20 09:43:26,432 - INFO - [2/10] PROCESANDO: QQQ
2025-10-20 09:43:26,433 - INFO - ============================================================
2025-10-20 09:43:26,437 - INFO - [1/104] QQQ - 2023-10-27
2025-10-20 09:43:26,924 - INFO - [2/104] QQQ - 2023-11-03
2025-10-20 09:43:27,420 - INFO - [3/104] QQQ - 2023-11-10
2025-10-20 09:43:27,936 - INFO - [4/104] QQQ - 2023-11-17
2025-10-20 09:43:28,383 - INFO - [5/104] QQQ - 2023-11-24
2025-10-20 09:43:28,821 - INFO - [6/104] QQQ - 2023-12-01
2025-10-20 09:43:29,286 - INFO - [7/104] QQQ - 2023-12-08
2025-10-20 09:43:29,703 - INFO - [8/104] QQQ - 2023-12-15
2025-10-20 09:43:30,141 - INFO - [9/104] QQQ - 2023-12-22
2025-10-20 09:43:30,566 - INFO - [10/104] QQQ - 2023-12-29
2025-10-20 09:43:31,007 - INFO - [11/104] QQQ - 2024-01-05
2025-10-20 09:43:31,427 - INFO - [12/104] QQQ - 2024-01-12
2025-10-20 09:43:31,852 - INFO - [13/104] QQQ - 2024-01-19
2025-10-20 09:43:32,287 - INFO - [14/104] QQQ - 2024-01-26
2025-10-20 09:43:32,728 - INFO - [15/104] QQQ - 2024-02-02
2025-10-20 09:43:33,157 - INFO - [16/104] QQQ - 2024-02-09
2025-10-20 09:43:33,558 - INFO - [17/104] QQQ - 2024-02-16
2025-10-20 09:43:33,994 - INFO - [18/104] QQQ - 2024-02-23
2025-10-20 09:43:34,451 - INFO - [19/104] QQQ - 2024-03-01
2025-10-20 09:43:34,915 - INFO - [20/104] QQQ - 2024-03-08
2025-10-20 09:43:35,517 - INFO - [21/104] QQQ - 2024-03-15
2025-10-20 09:43:35,981 - INFO - [22/104] QQQ - 2024-03-22
2025-10-20 09:43:36,436 - INFO - [23/104] QQQ - 2024-03-29
2025-10-20 09:43:36,877 - INFO - [24/104] QQQ - 2024-04-05
2025-10-20 09:43:37,360 - INFO - [25/104] QQQ - 2024-04-12
2025-10-20 09:43:37,769 - INFO - [26/104] QQQ - 2024-04-19
2025-10-20 09:43:38,188 - INFO - [27/104] QQQ - 2024-04-26
2025-10-20 09:43:38,697 - INFO - [28/104] QQQ - 2024-05-03
2025-10-20 09:43:39,228 - INFO - [29/104] QQQ - 2024-05-10
2025-10-20 09:43:39,687 - INFO - [30/104] QQQ - 2024-05-17
2025-10-20 09:43:40,204 - INFO - [31/104] QQQ - 2024-05-24
2025-10-20 09:43:40,640 - INFO - [32/104] QQQ - 2024-05-31
2025-10-20 09:43:41,074 - INFO - [33/104] QQQ - 2024-06-07
2025-10-20 09:43:41,515 - INFO - [34/104] QQQ - 2024-06-14
2025-10-20 09:43:41,990 - INFO - [35/104] QQQ - 2024-06-21
2025-10-20 09:43:42,416 - INFO - [36/104] QQQ - 2024-06-28
2025-10-20 09:43:42,886 - INFO - [37/104] QQQ - 2024-07-05
2025-10-20 09:43:43,317 - INFO - [38/104] QQQ - 2024-07-12
2025-10-20 09:43:43,767 - INFO - [39/104] QQQ - 2024-07-19
2025-10-20 09:43:44,225 - INFO - [40/104] QQQ - 2024-07-26
2025-10-20 09:43:44,723 - INFO - [41/104] QQQ - 2024-08-02
2025-10-20 09:43:45,217 - INFO - [42/104] QQQ - 2024-08-09
2025-10-20 09:43:45,657 - INFO - [43/104] QQQ - 2024-08-16
2025-10-20 09:43:46,130 - INFO - [44/104] QQQ - 2024-08-23
2025-10-20 09:43:46,942 - INFO - [45/104] QQQ - 2024-08-30
2025-10-20 09:43:47,421 - INFO - [46/104] QQQ - 2024-09-06
2025-10-20 09:43:47,951 - INFO - [47/104] QQQ - 2024-09-13
2025-10-20 09:43:48,458 - INFO - [48/104] QQQ - 2024-09-20
2025-10-20 09:43:48,896 - INFO - [49/104] QQQ - 2024-09-27
2025-10-20 09:43:49,506 - INFO - [50/104] QQQ - 2024-10-04
2025-10-20 09:43:49,993 - INFO - [51/104] QQQ - 2024-10-11
2025-10-20 09:43:50,535 - INFO - [52/104] QQQ - 2024-10-18
2025-10-20 09:43:51,122 - INFO - [53/104] QQQ - 2024-10-25
2025-10-20 09:43:51,555 - INFO - [54/104] QQQ - 2024-11-01
2025-10-20 09:43:52,007 - INFO - [55/104] QQQ - 2024-11-08
2025-10-20 09:43:52,416 - INFO - [56/104] QQQ - 2024-11-15
2025-10-20 09:43:52,857 - INFO - [57/104] QQQ - 2024-11-22
2025-10-20 09:43:53,304 - INFO - [58/104] QQQ - 2024-11-29
2025-10-20 09:43:53,723 - INFO - [59/104] QQQ - 2024-12-06
2025-10-20 09:43:54,300 - INFO - [60/104] QQQ - 2024-12-13
2025-10-20 09:43:54,739 - INFO - [61/104] QQQ - 2024-12-20
2025-10-20 09:43:55,254 - INFO - [62/104] QQQ - 2024-12-27
2025-10-20 09:43:55,833 - INFO - [63/104] QQQ - 2025-01-03
2025-10-20 09:43:56,299 - INFO - [64/104] QQQ - 2025-01-10
2025-10-20 09:43:56,750 - INFO - [65/104] QQQ - 2025-01-17
2025-10-20 09:43:57,209 - INFO - [66/104] QQQ - 2025-01-24
2025-10-20 09:43:57,623 - INFO - [67/104] QQQ - 2025-01-31
2025-10-20 09:43:58,118 - INFO - [68/104] QQQ - 2025-02-07
2025-10-20 09:43:58,579 - INFO - [69/104] QQQ - 2025-02-14
2025-10-20 09:43:59,019 - INFO - [70/104] QQQ - 2025-02-21
2025-10-20 09:43:59,576 - INFO - [71/104] QQQ - 2025-02-28
2025-10-20 09:44:00,182 - INFO - [72/104] QQQ - 2025-03-07
2025-10-20 09:44:01,994 - INFO - [73/104] QQQ - 2025-03-14
2025-10-20 09:44:02,595 - INFO - [74/104] QQQ - 2025-03-21
2025-10-20 09:44:03,056 - INFO - [75/104] QQQ - 2025-03-28
2025-10-20 09:44:04,215 - INFO - [76/104] QQQ - 2025-04-04
2025-10-20 09:44:04,751 - INFO - [77/104] QQQ - 2025-04-11
2025-10-20 09:44:05,190 - INFO - [78/104] QQQ - 2025-04-18
2025-10-20 09:44:06,137 - INFO - [79/104] QQQ - 2025-04-25
2025-10-20 09:44:06,588 - INFO - [80/104] QQQ - 2025-05-02
2025-10-20 09:44:07,186 - INFO - [81/104] QQQ - 2025-05-09
2025-10-20 09:44:07,647 - INFO - [82/104] QQQ - 2025-05-16
2025-10-20 09:44:08,851 - INFO - [83/104] QQQ - 2025-05-23
2025-10-20 09:44:09,288 - INFO - [84/104] QQQ - 2025-05-30
2025-10-20 09:44:09,782 - INFO - [85/104] QQQ - 2025-06-06
2025-10-20 09:44:10,286 - INFO - [86/104] QQQ - 2025-06-13
2025-10-20 09:44:10,737 - INFO - [87/104] QQQ - 2025-06-20
2025-10-20 09:44:11,200 - INFO - [88/104] QQQ - 2025-06-27
2025-10-20 09:44:11,657 - INFO - [89/104] QQQ - 2025-07-04
2025-10-20 09:44:12,083 - INFO - [90/104] QQQ - 2025-07-11
2025-10-20 09:44:12,507 - INFO - [91/104] QQQ - 2025-07-18
2025-10-20 09:44:12,933 - INFO - [92/104] QQQ - 2025-07-25
2025-10-20 09:44:13,344 - INFO - [93/104] QQQ - 2025-08-01
2025-10-20 09:44:13,812 - INFO - [94/104] QQQ - 2025-08-08
2025-10-20 09:44:14,259 - INFO - [95/104] QQQ - 2025-08-15
2025-10-20 09:44:14,737 - INFO - [96/104] QQQ - 2025-08-22
2025-10-20 09:44:16,918 - INFO - QQQ 2025-08-22: 562 contratos, 348 con datos (61.9%)
2025-10-20 09:44:16,923 - INFO - [97/104] QQQ - 2025-08-29
2025-10-20 09:44:22,606 - INFO - QQQ 2025-08-29: 1516 contratos, 1137 con datos (75.0%)
2025-10-20 09:44:22,610 - INFO - [98/104] QQQ - 2025-09-05
2025-10-20 09:44:31,455 - INFO - QQQ 2025-09-05: 2228 contratos, 1693 con datos (76.0%)
2025-10-20 09:44:31,461 - INFO - [99/104] QQQ - 2025-09-12
2025-10-20 09:44:39,810 - INFO - QQQ 2025-09-12: 2484 contratos, 1915 con datos (77.1%)
2025-10-20 09:44:39,818 - INFO - [100/104] QQQ - 2025-09-19
2025-10-20 09:44:51,338 - INFO - QQQ 2025-09-19: 2720 contratos, 2117 con datos (77.8%)
2025-10-20 09:44:51,348 - INFO - [101/104] QQQ - 2025-09-26
2025-10-20 09:45:03,781 - INFO - QQQ 2025-09-26: 3056 contratos, 2423 con datos (79.3%)
2025-10-20 09:45:03,805 - INFO - [102/104] QQQ - 2025-10-03
2025-10-20 09:45:18,431 - INFO - QQQ 2025-10-03: 3382 contratos, 2724 con datos (80.5%)
2025-10-20 09:45:18,439 - INFO - [103/104] QQQ - 2025-10-10
2025-10-20 09:45:26,998 - INFO - QQQ 2025-10-10: 2206 contratos, 1838 con datos (83.3%)
2025-10-20 09:45:27,005 - INFO - [104/104] QQQ - 2025-10-17
2025-10-20 09:45:31,326 - INFO - QQQ 2025-10-17: 1214 contratos, 1065 con datos (87.7%)
2025-10-20 09:45:31,502 - INFO - 
✅ QQQ COMPLETADO
2025-10-20 09:45:31,503 - INFO -    Total registros: 19,368
2025-10-20 09:45:31,507 - INFO -    Fechas: 9
2025-10-20 09:45:31,508 - INFO -    Archivo: data/historical/QQQ_2years.parquet
2025-10-20 09:45:31,508 - INFO - 
============================================================
2025-10-20 09:45:31,508 - INFO - [3/10] PROCESANDO: IWM
2025-10-20 09:45:31,508 - INFO - ============================================================
2025-10-20 09:45:31,525 - INFO - [1/104] IWM - 2023-10-27
2025-10-20 09:45:32,097 - INFO - [2/104] IWM - 2023-11-03
2025-10-20 09:45:32,648 - INFO - [3/104] IWM - 2023-11-10
2025-10-20 09:45:33,078 - INFO - [4/104] IWM - 2023-11-17
2025-10-20 09:45:33,492 - INFO - [5/104] IWM - 2023-11-24
2025-10-20 09:45:33,896 - INFO - [6/104] IWM - 2023-12-01
2025-10-20 09:45:34,327 - INFO - [7/104] IWM - 2023-12-08
2025-10-20 09:45:34,760 - INFO - [8/104] IWM - 2023-12-15
2025-10-20 09:45:35,203 - INFO - [9/104] IWM - 2023-12-22
2025-10-20 09:45:35,783 - INFO - [10/104] IWM - 2023-12-29
2025-10-20 09:45:36,226 - INFO - [11/104] IWM - 2024-01-05
2025-10-20 09:45:36,701 - INFO - [12/104] IWM - 2024-01-12
2025-10-20 09:45:37,113 - INFO - [13/104] IWM - 2024-01-19
2025-10-20 09:45:37,535 - INFO - [14/104] IWM - 2024-01-26
2025-10-20 09:45:37,954 - INFO - [15/104] IWM - 2024-02-02
2025-10-20 09:45:38,382 - INFO - [16/104] IWM - 2024-02-09
2025-10-20 09:45:38,796 - INFO - [17/104] IWM - 2024-02-16
2025-10-20 09:45:39,266 - INFO - [18/104] IWM - 2024-02-23
2025-10-20 09:45:39,819 - INFO - [19/104] IWM - 2024-03-01
2025-10-20 09:45:40,337 - INFO - [20/104] IWM - 2024-03-08
2025-10-20 09:45:40,779 - INFO - [21/104] IWM - 2024-03-15
2025-10-20 09:45:41,226 - INFO - [22/104] IWM - 2024-03-22
2025-10-20 09:45:41,659 - INFO - [23/104] IWM - 2024-03-29
2025-10-20 09:45:42,092 - INFO - [24/104] IWM - 2024-04-05
2025-10-20 09:45:43,195 - INFO - [25/104] IWM - 2024-04-12
2025-10-20 09:45:43,663 - INFO - [26/104] IWM - 2024-04-19
2025-10-20 09:45:44,097 - INFO - [27/104] IWM - 2024-04-26
2025-10-20 09:45:44,536 - INFO - [28/104] IWM - 2024-05-03
2025-10-20 09:45:44,955 - INFO - [29/104] IWM - 2024-05-10
2025-10-20 09:45:45,432 - INFO - [30/104] IWM - 2024-05-17
2025-10-20 09:45:45,877 - INFO - [31/104] IWM - 2024-05-24
2025-10-20 09:45:46,327 - INFO - [32/104] IWM - 2024-05-31
2025-10-20 09:45:46,770 - INFO - [33/104] IWM - 2024-06-07
2025-10-20 09:45:47,243 - INFO - [34/104] IWM - 2024-06-14
2025-10-20 09:45:47,690 - INFO - [35/104] IWM - 2024-06-21
2025-10-20 09:45:48,202 - INFO - [36/104] IWM - 2024-06-28
2025-10-20 09:45:48,707 - INFO - [37/104] IWM - 2024-07-05
2025-10-20 09:45:49,151 - INFO - [38/104] IWM - 2024-07-12
2025-10-20 09:45:49,605 - INFO - [39/104] IWM - 2024-07-19
2025-10-20 09:45:50,067 - INFO - [40/104] IWM - 2024-07-26
2025-10-20 09:45:50,612 - INFO - [41/104] IWM - 2024-08-02
2025-10-20 09:45:51,247 - INFO - [42/104] IWM - 2024-08-09
2025-10-20 09:45:51,673 - INFO - [43/104] IWM - 2024-08-16
2025-10-20 09:45:52,157 - INFO - [44/104] IWM - 2024-08-23
2025-10-20 09:45:52,620 - INFO - [45/104] IWM - 2024-08-30
2025-10-20 09:45:53,069 - INFO - [46/104] IWM - 2024-09-06
2025-10-20 09:45:53,498 - INFO - [47/104] IWM - 2024-09-13
2025-10-20 09:45:53,941 - INFO - [48/104] IWM - 2024-09-20
2025-10-20 09:45:54,368 - INFO - [49/104] IWM - 2024-09-27
2025-10-20 09:45:54,882 - INFO - [50/104] IWM - 2024-10-04
2025-10-20 09:45:55,330 - INFO - [51/104] IWM - 2024-10-11
2025-10-20 09:45:55,770 - INFO - [52/104] IWM - 2024-10-18
2025-10-20 09:45:56,215 - INFO - [53/104] IWM - 2024-10-25
2025-10-20 09:45:56,678 - INFO - [54/104] IWM - 2024-11-01
2025-10-20 09:45:57,120 - INFO - [55/104] IWM - 2024-11-08
2025-10-20 09:45:57,579 - INFO - [56/104] IWM - 2024-11-15
2025-10-20 09:45:58,126 - INFO - [57/104] IWM - 2024-11-22
2025-10-20 09:45:58,653 - INFO - [58/104] IWM - 2024-11-29
2025-10-20 09:45:59,158 - INFO - [59/104] IWM - 2024-12-06
2025-10-20 09:45:59,915 - INFO - [60/104] IWM - 2024-12-13
2025-10-20 09:46:00,965 - INFO - [61/104] IWM - 2024-12-20
2025-10-20 09:46:01,556 - INFO - [62/104] IWM - 2024-12-27
2025-10-20 09:46:02,186 - INFO - [63/104] IWM - 2025-01-03
2025-10-20 09:46:02,776 - INFO - [64/104] IWM - 2025-01-10
2025-10-20 09:46:03,339 - INFO - [65/104] IWM - 2025-01-17
2025-10-20 09:46:03,820 - INFO - [66/104] IWM - 2025-01-24
2025-10-20 09:46:04,243 - INFO - [67/104] IWM - 2025-01-31
2025-10-20 09:46:04,701 - INFO - [68/104] IWM - 2025-02-07
2025-10-20 09:46:05,136 - INFO - [69/104] IWM - 2025-02-14
2025-10-20 09:46:05,932 - INFO - [70/104] IWM - 2025-02-21
2025-10-20 09:46:06,491 - INFO - [71/104] IWM - 2025-02-28
2025-10-20 09:46:07,022 - INFO - [72/104] IWM - 2025-03-07
2025-10-20 09:46:08,486 - INFO - [73/104] IWM - 2025-03-14
2025-10-20 09:46:08,938 - INFO - [74/104] IWM - 2025-03-21
2025-10-20 09:46:09,341 - INFO - [75/104] IWM - 2025-03-28
2025-10-20 09:46:09,775 - INFO - [76/104] IWM - 2025-04-04
2025-10-20 09:46:10,158 - INFO - [77/104] IWM - 2025-04-11
2025-10-20 09:46:10,617 - INFO - [78/104] IWM - 2025-04-18
2025-10-20 09:46:11,072 - INFO - [79/104] IWM - 2025-04-25
2025-10-20 09:46:11,602 - INFO - [80/104] IWM - 2025-05-02
2025-10-20 09:46:12,063 - INFO - [81/104] IWM - 2025-05-09
2025-10-20 09:46:12,457 - INFO - [82/104] IWM - 2025-05-16
2025-10-20 09:46:12,891 - INFO - [83/104] IWM - 2025-05-23
2025-10-20 09:46:13,269 - INFO - [84/104] IWM - 2025-05-30
2025-10-20 09:46:13,760 - INFO - [85/104] IWM - 2025-06-06
2025-10-20 09:46:14,250 - INFO - [86/104] IWM - 2025-06-13
2025-10-20 09:46:14,693 - INFO - [87/104] IWM - 2025-06-20
2025-10-20 09:46:15,125 - INFO - [88/104] IWM - 2025-06-27
2025-10-20 09:46:15,560 - INFO - [89/104] IWM - 2025-07-04
2025-10-20 09:46:15,993 - INFO - [90/104] IWM - 2025-07-11
2025-10-20 09:46:16,442 - INFO - [91/104] IWM - 2025-07-18
2025-10-20 09:46:16,882 - INFO - [92/104] IWM - 2025-07-25
2025-10-20 09:46:17,342 - INFO - [93/104] IWM - 2025-08-01
2025-10-20 09:46:17,799 - INFO - [94/104] IWM - 2025-08-08
2025-10-20 09:46:18,289 - INFO - [95/104] IWM - 2025-08-15
2025-10-20 09:46:18,720 - INFO - [96/104] IWM - 2025-08-22
2025-10-20 09:46:20,045 - INFO - IWM 2025-08-22: 320 contratos, 239 con datos (74.7%)
2025-10-20 09:46:20,048 - INFO - [97/104] IWM - 2025-08-29
2025-10-20 09:46:23,977 - INFO - IWM 2025-08-29: 1094 contratos, 784 con datos (71.7%)
2025-10-20 09:46:23,980 - INFO - [98/104] IWM - 2025-09-05
2025-10-20 09:46:29,379 - INFO - IWM 2025-09-05: 1598 contratos, 1115 con datos (69.8%)
2025-10-20 09:46:29,390 - INFO - [99/104] IWM - 2025-09-12
2025-10-20 09:46:35,772 - INFO - IWM 2025-09-12: 1754 contratos, 1235 con datos (70.4%)
2025-10-20 09:46:35,775 - INFO - [100/104] IWM - 2025-09-19
2025-10-20 09:46:43,130 - INFO - IWM 2025-09-19: 1898 contratos, 1361 con datos (71.7%)
2025-10-20 09:46:43,164 - INFO - [101/104] IWM - 2025-09-26
2025-10-20 09:46:50,869 - INFO - IWM 2025-09-26: 2156 contratos, 1599 con datos (74.2%)
2025-10-20 09:46:50,873 - INFO - [102/104] IWM - 2025-10-03
2025-10-20 09:46:58,697 - INFO - IWM 2025-10-03: 2302 contratos, 1721 con datos (74.8%)
2025-10-20 09:46:58,700 - INFO - [103/104] IWM - 2025-10-10
2025-10-20 09:47:04,526 - INFO - IWM 2025-10-10: 1484 contratos, 1112 con datos (74.9%)
2025-10-20 09:47:04,534 - INFO - [104/104] IWM - 2025-10-17
2025-10-20 09:47:07,641 - INFO - IWM 2025-10-17: 764 contratos, 632 con datos (82.7%)
2025-10-20 09:47:07,737 - INFO - 
✅ IWM COMPLETADO
2025-10-20 09:47:07,737 - INFO -    Total registros: 13,370
2025-10-20 09:47:07,739 - INFO -    Fechas: 9
2025-10-20 09:47:07,739 - INFO -    Archivo: data/historical/IWM_2years.parquet
2025-10-20 09:47:07,739 - INFO - 
============================================================
2025-10-20 09:47:07,739 - INFO - [4/10] PROCESANDO: AAPL
2025-10-20 09:47:07,740 - INFO - ============================================================
2025-10-20 09:47:07,741 - INFO - [1/104] AAPL - 2023-10-27
2025-10-20 09:47:08,190 - INFO - [2/104] AAPL - 2023-11-03
2025-10-20 09:47:08,614 - INFO - [3/104] AAPL - 2023-11-10
2025-10-20 09:47:09,084 - INFO - [4/104] AAPL - 2023-11-17
2025-10-20 09:47:09,481 - INFO - [5/104] AAPL - 2023-11-24
2025-10-20 09:47:09,962 - INFO - [6/104] AAPL - 2023-12-01
2025-10-20 09:47:10,419 - INFO - [7/104] AAPL - 2023-12-08
2025-10-20 09:47:10,900 - INFO - [8/104] AAPL - 2023-12-15
2025-10-20 09:47:11,318 - INFO - [9/104] AAPL - 2023-12-22
2025-10-20 09:47:11,743 - INFO - [10/104] AAPL - 2023-12-29
2025-10-20 09:47:12,182 - INFO - [11/104] AAPL - 2024-01-05
2025-10-20 09:47:12,646 - INFO - [12/104] AAPL - 2024-01-12
2025-10-20 09:47:13,070 - INFO - [13/104] AAPL - 2024-01-19
2025-10-20 09:47:13,495 - INFO - [14/104] AAPL - 2024-01-26
2025-10-20 09:47:13,911 - INFO - [15/104] AAPL - 2024-02-02
2025-10-20 09:47:14,330 - INFO - [16/104] AAPL - 2024-02-09
2025-10-20 09:47:14,790 - INFO - [17/104] AAPL - 2024-02-16
2025-10-20 09:47:15,183 - INFO - [18/104] AAPL - 2024-02-23
2025-10-20 09:47:15,689 - INFO - [19/104] AAPL - 2024-03-01
2025-10-20 09:47:16,106 - INFO - [20/104] AAPL - 2024-03-08
2025-10-20 09:47:16,524 - INFO - [21/104] AAPL - 2024-03-15
2025-10-20 09:47:16,947 - INFO - [22/104] AAPL - 2024-03-22
2025-10-20 09:47:17,369 - INFO - [23/104] AAPL - 2024-03-29
2025-10-20 09:47:17,793 - INFO - [24/104] AAPL - 2024-04-05
2025-10-20 09:47:18,268 - INFO - [25/104] AAPL - 2024-04-12
2025-10-20 09:47:18,713 - INFO - [26/104] AAPL - 2024-04-19
2025-10-20 09:47:19,144 - INFO - [27/104] AAPL - 2024-04-26
2025-10-20 09:47:19,571 - INFO - [28/104] AAPL - 2024-05-03
2025-10-20 09:47:19,991 - INFO - [29/104] AAPL - 2024-05-10
2025-10-20 09:47:20,418 - INFO - [30/104] AAPL - 2024-05-17
2025-10-20 09:47:20,880 - INFO - [31/104] AAPL - 2024-05-24
2025-10-20 09:47:21,323 - INFO - [32/104] AAPL - 2024-05-31
2025-10-20 09:47:21,710 - INFO - [33/104] AAPL - 2024-06-07
2025-10-20 09:47:22,128 - INFO - [34/104] AAPL - 2024-06-14
2025-10-20 09:47:22,531 - INFO - [35/104] AAPL - 2024-06-21
2025-10-20 09:47:22,984 - INFO - [36/104] AAPL - 2024-06-28
2025-10-20 09:47:23,408 - INFO - [37/104] AAPL - 2024-07-05
2025-10-20 09:47:23,812 - INFO - [38/104] AAPL - 2024-07-12
2025-10-20 09:47:25,118 - INFO - [39/104] AAPL - 2024-07-19
2025-10-20 09:47:25,613 - INFO - [40/104] AAPL - 2024-07-26
2025-10-20 09:47:26,072 - INFO - [41/104] AAPL - 2024-08-02
2025-10-20 09:47:26,481 - INFO - [42/104] AAPL - 2024-08-09
2025-10-20 09:47:26,907 - INFO - [43/104] AAPL - 2024-08-16
2025-10-20 09:47:27,347 - INFO - [44/104] AAPL - 2024-08-23
2025-10-20 09:47:27,811 - INFO - [45/104] AAPL - 2024-08-30
2025-10-20 09:47:28,188 - INFO - [46/104] AAPL - 2024-09-06
2025-10-20 09:47:28,671 - INFO - [47/104] AAPL - 2024-09-13
2025-10-20 09:47:29,072 - INFO - [48/104] AAPL - 2024-09-20
2025-10-20 09:47:29,484 - INFO - [49/104] AAPL - 2024-09-27
2025-10-20 09:47:29,937 - INFO - [50/104] AAPL - 2024-10-04
2025-10-20 09:47:30,373 - INFO - [51/104] AAPL - 2024-10-11
2025-10-20 09:47:30,807 - INFO - [52/104] AAPL - 2024-10-18
2025-10-20 09:47:31,247 - INFO - [53/104] AAPL - 2024-10-25
2025-10-20 09:47:31,646 - INFO - [54/104] AAPL - 2024-11-01
2025-10-20 09:47:32,074 - INFO - [55/104] AAPL - 2024-11-08
2025-10-20 09:47:32,489 - INFO - [56/104] AAPL - 2024-11-15
2025-10-20 09:47:32,918 - INFO - [57/104] AAPL - 2024-11-22
2025-10-20 09:47:33,331 - INFO - [58/104] AAPL - 2024-11-29
2025-10-20 09:47:33,776 - INFO - [59/104] AAPL - 2024-12-06
2025-10-20 09:47:34,199 - INFO - [60/104] AAPL - 2024-12-13
2025-10-20 09:47:34,634 - INFO - [61/104] AAPL - 2024-12-20
2025-10-20 09:47:35,073 - INFO - [62/104] AAPL - 2024-12-27
2025-10-20 09:47:35,510 - INFO - [63/104] AAPL - 2025-01-03
2025-10-20 09:47:35,946 - INFO - [64/104] AAPL - 2025-01-10
2025-10-20 09:47:36,366 - INFO - [65/104] AAPL - 2025-01-17
2025-10-20 09:47:36,804 - INFO - [66/104] AAPL - 2025-01-24
2025-10-20 09:47:37,227 - INFO - [67/104] AAPL - 2025-01-31
2025-10-20 09:47:37,662 - INFO - [68/104] AAPL - 2025-02-07
2025-10-20 09:47:38,076 - INFO - [69/104] AAPL - 2025-02-14
2025-10-20 09:47:38,475 - INFO - [70/104] AAPL - 2025-02-21
2025-10-20 09:47:38,930 - INFO - [71/104] AAPL - 2025-02-28
2025-10-20 09:47:39,399 - INFO - [72/104] AAPL - 2025-03-07
2025-10-20 09:47:39,840 - INFO - [73/104] AAPL - 2025-03-14
2025-10-20 09:47:40,256 - INFO - [74/104] AAPL - 2025-03-21
2025-10-20 09:47:40,669 - INFO - [75/104] AAPL - 2025-03-28
2025-10-20 09:47:41,096 - INFO - [76/104] AAPL - 2025-04-04
2025-10-20 09:47:41,529 - INFO - [77/104] AAPL - 2025-04-11
2025-10-20 09:47:41,948 - INFO - [78/104] AAPL - 2025-04-18
2025-10-20 09:47:42,385 - INFO - [79/104] AAPL - 2025-04-25
2025-10-20 09:47:42,812 - INFO - [80/104] AAPL - 2025-05-02
2025-10-20 09:47:43,253 - INFO - [81/104] AAPL - 2025-05-09
2025-10-20 09:47:43,673 - INFO - [82/104] AAPL - 2025-05-16
2025-10-20 09:47:44,107 - INFO - [83/104] AAPL - 2025-05-23
2025-10-20 09:47:44,527 - INFO - [84/104] AAPL - 2025-05-30
2025-10-20 09:47:44,951 - INFO - [85/104] AAPL - 2025-06-06
2025-10-20 09:47:45,409 - INFO - [86/104] AAPL - 2025-06-13
2025-10-20 09:47:45,874 - INFO - [87/104] AAPL - 2025-06-20
2025-10-20 09:47:46,318 - INFO - [88/104] AAPL - 2025-06-27
2025-10-20 09:47:46,749 - INFO - [89/104] AAPL - 2025-07-04
2025-10-20 09:47:47,157 - INFO - [90/104] AAPL - 2025-07-11
2025-10-20 09:47:47,544 - INFO - [91/104] AAPL - 2025-07-18
2025-10-20 09:47:47,991 - INFO - [92/104] AAPL - 2025-07-25
2025-10-20 09:47:48,454 - INFO - [93/104] AAPL - 2025-08-01
2025-10-20 09:47:48,875 - INFO - [94/104] AAPL - 2025-08-08
2025-10-20 09:47:49,290 - INFO - [95/104] AAPL - 2025-08-15
2025-10-20 09:47:49,790 - INFO - [96/104] AAPL - 2025-08-22
2025-10-20 09:47:50,274 - INFO - [97/104] AAPL - 2025-08-29
2025-10-20 09:47:51,022 - INFO - AAPL 2025-08-29: 114 contratos, 104 con datos (91.2%)
2025-10-20 09:47:51,036 - INFO - [98/104] AAPL - 2025-09-05
2025-10-20 09:47:51,729 - INFO - AAPL 2025-09-05: 226 contratos, 202 con datos (89.4%)
2025-10-20 09:47:51,730 - INFO - [99/104] AAPL - 2025-09-12
2025-10-20 09:47:53,068 - INFO - AAPL 2025-09-12: 334 contratos, 293 con datos (87.7%)
2025-10-20 09:47:53,071 - INFO - [100/104] AAPL - 2025-09-19
2025-10-20 09:47:54,679 - INFO - AAPL 2025-09-19: 422 contratos, 361 con datos (85.5%)
2025-10-20 09:47:54,683 - INFO - [101/104] AAPL - 2025-09-26
2025-10-20 09:47:56,821 - INFO - AAPL 2025-09-26: 544 contratos, 475 con datos (87.3%)
2025-10-20 09:47:56,824 - INFO - [102/104] AAPL - 2025-10-03
2025-10-20 09:47:59,518 - INFO - AAPL 2025-10-03: 632 contratos, 529 con datos (83.7%)
2025-10-20 09:47:59,521 - INFO - [103/104] AAPL - 2025-10-10
2025-10-20 09:48:02,910 - INFO - AAPL 2025-10-10: 518 contratos, 425 con datos (82.0%)
2025-10-20 09:48:02,914 - INFO - [104/104] AAPL - 2025-10-17
2025-10-20 09:48:06,830 - INFO - AAPL 2025-10-17: 406 contratos, 327 con datos (80.5%)
2025-10-20 09:48:06,868 - INFO - 
✅ AAPL COMPLETADO
2025-10-20 09:48:06,869 - INFO -    Total registros: 3,196
2025-10-20 09:48:06,870 - INFO -    Fechas: 8
2025-10-20 09:48:06,870 - INFO -    Archivo: data/historical/AAPL_2years.parquet
2025-10-20 09:48:06,870 - INFO - 
============================================================
2025-10-20 09:48:06,870 - INFO - [5/10] PROCESANDO: MSFT
2025-10-20 09:48:06,870 - INFO - ============================================================
2025-10-20 09:48:06,871 - INFO - [1/104] MSFT - 2023-10-27
2025-10-20 09:48:07,341 - INFO - [2/104] MSFT - 2023-11-03
2025-10-20 09:48:07,809 - INFO - [3/104] MSFT - 2023-11-10
2025-10-20 09:48:08,233 - INFO - [4/104] MSFT - 2023-11-17
2025-10-20 09:48:08,656 - INFO - [5/104] MSFT - 2023-11-24
2025-10-20 09:48:09,193 - INFO - [6/104] MSFT - 2023-12-01
2025-10-20 09:48:09,621 - INFO - [7/104] MSFT - 2023-12-08
2025-10-20 09:48:10,062 - INFO - [8/104] MSFT - 2023-12-15
2025-10-20 09:48:10,448 - INFO - [9/104] MSFT - 2023-12-22
2025-10-20 09:48:10,886 - INFO - [10/104] MSFT - 2023-12-29
2025-10-20 09:48:11,358 - INFO - [11/104] MSFT - 2024-01-05
2025-10-20 09:48:11,778 - INFO - [12/104] MSFT - 2024-01-12
2025-10-20 09:48:12,253 - INFO - [13/104] MSFT - 2024-01-19
2025-10-20 09:48:12,698 - INFO - [14/104] MSFT - 2024-01-26
2025-10-20 09:48:13,152 - INFO - [15/104] MSFT - 2024-02-02
2025-10-20 09:48:13,550 - INFO - [16/104] MSFT - 2024-02-09
2025-10-20 09:48:14,056 - INFO - [17/104] MSFT - 2024-02-16
2025-10-20 09:48:14,472 - INFO - [18/104] MSFT - 2024-02-23
2025-10-20 09:48:14,879 - INFO - [19/104] MSFT - 2024-03-01
2025-10-20 09:48:15,377 - INFO - [20/104] MSFT - 2024-03-08
2025-10-20 09:48:15,768 - INFO - [21/104] MSFT - 2024-03-15
2025-10-20 09:48:16,386 - INFO - [22/104] MSFT - 2024-03-22
2025-10-20 09:48:16,932 - INFO - [23/104] MSFT - 2024-03-29
2025-10-20 09:48:17,375 - INFO - [24/104] MSFT - 2024-04-05
2025-10-20 09:48:17,837 - INFO - [25/104] MSFT - 2024-04-12
2025-10-20 09:48:18,298 - INFO - [26/104] MSFT - 2024-04-19
2025-10-20 09:48:18,735 - INFO - [27/104] MSFT - 2024-04-26
2025-10-20 09:48:19,151 - INFO - [28/104] MSFT - 2024-05-03
2025-10-20 09:48:19,613 - INFO - [29/104] MSFT - 2024-05-10
2025-10-20 09:48:20,056 - INFO - [30/104] MSFT - 2024-05-17
2025-10-20 09:48:20,496 - INFO - [31/104] MSFT - 2024-05-24
2025-10-20 09:48:20,901 - INFO - [32/104] MSFT - 2024-05-31
2025-10-20 09:48:21,352 - INFO - [33/104] MSFT - 2024-06-07
2025-10-20 09:48:21,762 - INFO - [34/104] MSFT - 2024-06-14
2025-10-20 09:48:22,202 - INFO - [35/104] MSFT - 2024-06-21
2025-10-20 09:48:22,616 - INFO - [36/104] MSFT - 2024-06-28
2025-10-20 09:48:23,059 - INFO - [37/104] MSFT - 2024-07-05
2025-10-20 09:48:23,515 - INFO - [38/104] MSFT - 2024-07-12
2025-10-20 09:48:23,954 - INFO - [39/104] MSFT - 2024-07-19
2025-10-20 09:48:24,378 - INFO - [40/104] MSFT - 2024-07-26
2025-10-20 09:48:24,805 - INFO - [41/104] MSFT - 2024-08-02
2025-10-20 09:48:25,204 - INFO - [42/104] MSFT - 2024-08-09
2025-10-20 09:48:25,611 - INFO - [43/104] MSFT - 2024-08-16
2025-10-20 09:48:26,067 - INFO - [44/104] MSFT - 2024-08-23
2025-10-20 09:48:26,466 - INFO - [45/104] MSFT - 2024-08-30
2025-10-20 09:48:26,917 - INFO - [46/104] MSFT - 2024-09-06
2025-10-20 09:48:27,355 - INFO - [47/104] MSFT - 2024-09-13
2025-10-20 09:48:27,783 - INFO - [48/104] MSFT - 2024-09-20
2025-10-20 09:48:28,430 - INFO - [49/104] MSFT - 2024-09-27
2025-10-20 09:48:28,843 - INFO - [50/104] MSFT - 2024-10-04
2025-10-20 09:48:29,243 - INFO - [51/104] MSFT - 2024-10-11
2025-10-20 09:48:29,676 - INFO - [52/104] MSFT - 2024-10-18
2025-10-20 09:48:30,277 - INFO - [53/104] MSFT - 2024-10-25
2025-10-20 09:48:30,738 - INFO - [54/104] MSFT - 2024-11-01
2025-10-20 09:48:31,178 - INFO - [55/104] MSFT - 2024-11-08
2025-10-20 09:48:31,596 - INFO - [56/104] MSFT - 2024-11-15
2025-10-20 09:48:32,010 - INFO - [57/104] MSFT - 2024-11-22
2025-10-20 09:48:32,455 - INFO - [58/104] MSFT - 2024-11-29
2025-10-20 09:48:32,956 - INFO - [59/104] MSFT - 2024-12-06
2025-10-20 09:48:33,371 - INFO - [60/104] MSFT - 2024-12-13
2025-10-20 09:48:33,784 - INFO - [61/104] MSFT - 2024-12-20
2025-10-20 09:48:34,231 - INFO - [62/104] MSFT - 2024-12-27
2025-10-20 09:48:34,630 - INFO - [63/104] MSFT - 2025-01-03
2025-10-20 09:48:35,097 - INFO - [64/104] MSFT - 2025-01-10
2025-10-20 09:48:35,549 - INFO - [65/104] MSFT - 2025-01-17
2025-10-20 09:48:35,969 - INFO - [66/104] MSFT - 2025-01-24
2025-10-20 09:48:36,444 - INFO - [67/104] MSFT - 2025-01-31
2025-10-20 09:48:36,867 - INFO - [68/104] MSFT - 2025-02-07
2025-10-20 09:48:37,306 - INFO - [69/104] MSFT - 2025-02-14
2025-10-20 09:48:37,741 - INFO - [70/104] MSFT - 2025-02-21
2025-10-20 09:48:38,184 - INFO - [71/104] MSFT - 2025-02-28
2025-10-20 09:48:38,585 - INFO - [72/104] MSFT - 2025-03-07
2025-10-20 09:48:39,038 - INFO - [73/104] MSFT - 2025-03-14
2025-10-20 09:48:39,472 - INFO - [74/104] MSFT - 2025-03-21
2025-10-20 09:48:39,904 - INFO - [75/104] MSFT - 2025-03-28
2025-10-20 09:48:40,382 - INFO - [76/104] MSFT - 2025-04-04
2025-10-20 09:48:40,810 - INFO - [77/104] MSFT - 2025-04-11
2025-10-20 09:48:41,249 - INFO - [78/104] MSFT - 2025-04-18
2025-10-20 09:48:41,713 - INFO - [79/104] MSFT - 2025-04-25
2025-10-20 09:48:42,167 - INFO - [80/104] MSFT - 2025-05-02
2025-10-20 09:48:42,587 - INFO - [81/104] MSFT - 2025-05-09
2025-10-20 09:48:43,002 - INFO - [82/104] MSFT - 2025-05-16
2025-10-20 09:48:43,418 - INFO - [83/104] MSFT - 2025-05-23
2025-10-20 09:48:43,846 - INFO - [84/104] MSFT - 2025-05-30
2025-10-20 09:48:44,305 - INFO - [85/104] MSFT - 2025-06-06
2025-10-20 09:48:44,710 - INFO - [86/104] MSFT - 2025-06-13
2025-10-20 09:48:45,098 - INFO - [87/104] MSFT - 2025-06-20
2025-10-20 09:48:45,557 - INFO - [88/104] MSFT - 2025-06-27
2025-10-20 09:48:46,113 - INFO - [89/104] MSFT - 2025-07-04
2025-10-20 09:48:46,574 - INFO - [90/104] MSFT - 2025-07-11
2025-10-20 09:48:47,017 - INFO - [91/104] MSFT - 2025-07-18
2025-10-20 09:48:47,479 - INFO - [92/104] MSFT - 2025-07-25
2025-10-20 09:48:47,922 - INFO - [93/104] MSFT - 2025-08-01
2025-10-20 09:48:48,329 - INFO - [94/104] MSFT - 2025-08-08
2025-10-20 09:48:48,789 - INFO - [95/104] MSFT - 2025-08-15
2025-10-20 09:48:49,224 - INFO - [96/104] MSFT - 2025-08-22
2025-10-20 09:48:49,697 - INFO - [97/104] MSFT - 2025-08-29
2025-10-20 09:48:50,641 - INFO - MSFT 2025-08-29: 166 contratos, 143 con datos (86.1%)
2025-10-20 09:48:50,655 - INFO - [98/104] MSFT - 2025-09-05
2025-10-20 09:48:52,665 - INFO - MSFT 2025-09-05: 332 contratos, 293 con datos (88.3%)
2025-10-20 09:48:52,669 - INFO - [99/104] MSFT - 2025-09-12
2025-10-20 09:48:56,273 - INFO - MSFT 2025-09-12: 494 contratos, 430 con datos (87.0%)
2025-10-20 09:48:56,275 - INFO - [100/104] MSFT - 2025-09-19
2025-10-20 09:48:58,861 - INFO - MSFT 2025-09-19: 638 contratos, 526 con datos (82.4%)
2025-10-20 09:48:59,130 - INFO - [101/104] MSFT - 2025-09-26
2025-10-20 09:49:03,106 - INFO - MSFT 2025-09-26: 832 contratos, 700 con datos (84.1%)
2025-10-20 09:49:03,110 - INFO - [102/104] MSFT - 2025-10-03
2025-10-20 09:49:06,470 - INFO - MSFT 2025-10-03: 976 contratos, 780 con datos (79.9%)
2025-10-20 09:49:06,473 - INFO - [103/104] MSFT - 2025-10-10
2025-10-20 09:49:09,339 - INFO - MSFT 2025-10-10: 810 contratos, 637 con datos (78.6%)
2025-10-20 09:49:09,341 - INFO - [104/104] MSFT - 2025-10-17
2025-10-20 09:49:11,786 - INFO - MSFT 2025-10-17: 644 contratos, 487 con datos (75.6%)
2025-10-20 09:49:11,858 - INFO - 
✅ MSFT COMPLETADO
2025-10-20 09:49:11,859 - INFO -    Total registros: 4,892
2025-10-20 09:49:11,860 - INFO -    Fechas: 8
2025-10-20 09:49:11,860 - INFO -    Archivo: data/historical/MSFT_2years.parquet
2025-10-20 09:49:11,860 - INFO - 
============================================================
2025-10-20 09:49:11,860 - INFO - [6/10] PROCESANDO: NVDA
2025-10-20 09:49:11,860 - INFO - ============================================================
2025-10-20 09:49:11,862 - INFO - [1/104] NVDA - 2023-10-27
2025-10-20 09:49:12,334 - INFO - [2/104] NVDA - 2023-11-03
2025-10-20 09:49:12,743 - INFO - [3/104] NVDA - 2023-11-10
2025-10-20 09:49:13,243 - INFO - [4/104] NVDA - 2023-11-17
2025-10-20 09:49:13,670 - INFO - [5/104] NVDA - 2023-11-24
2025-10-20 09:49:14,122 - INFO - [6/104] NVDA - 2023-12-01
2025-10-20 09:49:14,532 - INFO - [7/104] NVDA - 2023-12-08
2025-10-20 09:49:14,962 - INFO - [8/104] NVDA - 2023-12-15
2025-10-20 09:49:15,407 - INFO - [9/104] NVDA - 2023-12-22
2025-10-20 09:49:15,838 - INFO - [10/104] NVDA - 2023-12-29
2025-10-20 09:49:16,288 - INFO - [11/104] NVDA - 2024-01-05
2025-10-20 09:49:16,708 - INFO - [12/104] NVDA - 2024-01-12
2025-10-20 09:49:17,179 - INFO - [13/104] NVDA - 2024-01-19
2025-10-20 09:49:17,635 - INFO - [14/104] NVDA - 2024-01-26
2025-10-20 09:49:18,088 - INFO - [15/104] NVDA - 2024-02-02
2025-10-20 09:49:18,562 - INFO - [16/104] NVDA - 2024-02-09
2025-10-20 09:49:19,021 - INFO - [17/104] NVDA - 2024-02-16
2025-10-20 09:49:19,466 - INFO - [18/104] NVDA - 2024-02-23
2025-10-20 09:49:19,922 - INFO - [19/104] NVDA - 2024-03-01
2025-10-20 09:49:20,401 - INFO - [20/104] NVDA - 2024-03-08
2025-10-20 09:49:20,902 - INFO - [21/104] NVDA - 2024-03-15
2025-10-20 09:49:21,386 - INFO - [22/104] NVDA - 2024-03-22
2025-10-20 09:49:21,795 - INFO - [23/104] NVDA - 2024-03-29
2025-10-20 09:49:22,194 - INFO - [24/104] NVDA - 2024-04-05
2025-10-20 09:49:22,605 - INFO - [25/104] NVDA - 2024-04-12
2025-10-20 09:49:23,063 - INFO - [26/104] NVDA - 2024-04-19
2025-10-20 09:49:23,513 - INFO - [27/104] NVDA - 2024-04-26
2025-10-20 09:49:23,893 - INFO - [28/104] NVDA - 2024-05-03
2025-10-20 09:49:24,334 - INFO - [29/104] NVDA - 2024-05-10
2025-10-20 09:49:24,760 - INFO - [30/104] NVDA - 2024-05-17
2025-10-20 09:49:25,206 - INFO - [31/104] NVDA - 2024-05-24
2025-10-20 09:49:25,642 - INFO - [32/104] NVDA - 2024-05-31
2025-10-20 09:49:26,067 - INFO - [33/104] NVDA - 2024-06-07
2025-10-20 09:49:26,474 - INFO - [34/104] NVDA - 2024-06-14
2025-10-20 09:49:26,931 - INFO - [35/104] NVDA - 2024-06-21
2025-10-20 09:49:27,360 - INFO - [36/104] NVDA - 2024-06-28
2025-10-20 09:49:27,780 - INFO - [37/104] NVDA - 2024-07-05
2025-10-20 09:49:28,225 - INFO - [38/104] NVDA - 2024-07-12
2025-10-20 09:49:28,659 - INFO - [39/104] NVDA - 2024-07-19
2025-10-20 09:49:29,120 - INFO - [40/104] NVDA - 2024-07-26
2025-10-20 09:49:29,576 - INFO - [41/104] NVDA - 2024-08-02
2025-10-20 09:49:30,004 - INFO - [42/104] NVDA - 2024-08-09
2025-10-20 09:49:30,456 - INFO - [43/104] NVDA - 2024-08-16
2025-10-20 09:49:30,853 - INFO - [44/104] NVDA - 2024-08-23
2025-10-20 09:49:31,255 - INFO - [45/104] NVDA - 2024-08-30
2025-10-20 09:49:31,704 - INFO - [46/104] NVDA - 2024-09-06
2025-10-20 09:49:32,133 - INFO - [47/104] NVDA - 2024-09-13
2025-10-20 09:49:32,563 - INFO - [48/104] NVDA - 2024-09-20
2025-10-20 09:49:33,004 - INFO - [49/104] NVDA - 2024-09-27
2025-10-20 09:49:33,487 - INFO - [50/104] NVDA - 2024-10-04
2025-10-20 09:49:33,896 - INFO - [51/104] NVDA - 2024-10-11
2025-10-20 09:49:34,306 - INFO - [52/104] NVDA - 2024-10-18
2025-10-20 09:49:34,754 - INFO - [53/104] NVDA - 2024-10-25
2025-10-20 09:49:35,202 - INFO - [54/104] NVDA - 2024-11-01
2025-10-20 09:49:35,632 - INFO - [55/104] NVDA - 2024-11-08
2025-10-20 09:49:36,050 - INFO - [56/104] NVDA - 2024-11-15
2025-10-20 09:49:36,491 - INFO - [57/104] NVDA - 2024-11-22
2025-10-20 09:49:36,933 - INFO - [58/104] NVDA - 2024-11-29
2025-10-20 09:49:37,401 - INFO - [59/104] NVDA - 2024-12-06
2025-10-20 09:49:37,894 - INFO - [60/104] NVDA - 2024-12-13
2025-10-20 09:49:38,354 - INFO - [61/104] NVDA - 2024-12-20
2025-10-20 09:49:38,775 - INFO - [62/104] NVDA - 2024-12-27
2025-10-20 09:49:39,261 - INFO - [63/104] NVDA - 2025-01-03
2025-10-20 09:49:39,660 - INFO - [64/104] NVDA - 2025-01-10
2025-10-20 09:49:40,083 - INFO - [65/104] NVDA - 2025-01-17
2025-10-20 09:49:40,546 - INFO - [66/104] NVDA - 2025-01-24
2025-10-20 09:49:40,940 - INFO - [67/104] NVDA - 2025-01-31
2025-10-20 09:49:41,384 - INFO - [68/104] NVDA - 2025-02-07
2025-10-20 09:49:41,780 - INFO - [69/104] NVDA - 2025-02-14
2025-10-20 09:49:42,221 - INFO - [70/104] NVDA - 2025-02-21
2025-10-20 09:49:42,666 - INFO - [71/104] NVDA - 2025-02-28
2025-10-20 09:49:43,090 - INFO - [72/104] NVDA - 2025-03-07
2025-10-20 09:49:43,522 - INFO - [73/104] NVDA - 2025-03-14
2025-10-20 09:49:44,027 - INFO - [74/104] NVDA - 2025-03-21
2025-10-20 09:49:44,519 - INFO - [75/104] NVDA - 2025-03-28
2025-10-20 09:49:45,161 - INFO - [76/104] NVDA - 2025-04-04
2025-10-20 09:49:45,585 - INFO - [77/104] NVDA - 2025-04-11
2025-10-20 09:49:46,090 - INFO - [78/104] NVDA - 2025-04-18
2025-10-20 09:49:46,536 - INFO - [79/104] NVDA - 2025-04-25
2025-10-20 09:49:46,983 - INFO - [80/104] NVDA - 2025-05-02
2025-10-20 09:49:47,462 - INFO - [81/104] NVDA - 2025-05-09
2025-10-20 09:49:47,851 - INFO - [82/104] NVDA - 2025-05-16
2025-10-20 09:49:48,293 - INFO - [83/104] NVDA - 2025-05-23
2025-10-20 09:49:48,712 - INFO - [84/104] NVDA - 2025-05-30
2025-10-20 09:49:49,150 - INFO - [85/104] NVDA - 2025-06-06
2025-10-20 09:49:49,571 - INFO - [86/104] NVDA - 2025-06-13
2025-10-20 09:49:50,088 - INFO - [87/104] NVDA - 2025-06-20
2025-10-20 09:49:50,571 - INFO - [88/104] NVDA - 2025-06-27
2025-10-20 09:49:51,064 - INFO - [89/104] NVDA - 2025-07-04
2025-10-20 09:49:51,488 - INFO - [90/104] NVDA - 2025-07-11
2025-10-20 09:49:51,935 - INFO - [91/104] NVDA - 2025-07-18
2025-10-20 09:49:52,367 - INFO - [92/104] NVDA - 2025-07-25
2025-10-20 09:49:52,799 - INFO - [93/104] NVDA - 2025-08-01
2025-10-20 09:49:53,250 - INFO - [94/104] NVDA - 2025-08-08
2025-10-20 09:49:53,741 - INFO - [95/104] NVDA - 2025-08-15
2025-10-20 09:49:54,173 - INFO - [96/104] NVDA - 2025-08-22
2025-10-20 09:49:54,611 - INFO - [97/104] NVDA - 2025-08-29
2025-10-20 09:49:55,313 - INFO - NVDA 2025-08-29: 146 contratos, 133 con datos (91.1%)
2025-10-20 09:49:55,315 - INFO - [98/104] NVDA - 2025-09-05
2025-10-20 09:49:56,594 - INFO - NVDA 2025-09-05: 292 contratos, 261 con datos (89.4%)
2025-10-20 09:49:56,597 - INFO - [99/104] NVDA - 2025-09-12
2025-10-20 09:49:57,941 - INFO - NVDA 2025-09-12: 434 contratos, 379 con datos (87.3%)
2025-10-20 09:49:57,942 - INFO - [100/104] NVDA - 2025-09-19
2025-10-20 09:49:59,895 - INFO - NVDA 2025-09-19: 556 contratos, 476 con datos (85.6%)
2025-10-20 09:49:59,896 - INFO - [101/104] NVDA - 2025-09-26
2025-10-20 09:50:03,398 - INFO - NVDA 2025-09-26: 700 contratos, 605 con datos (86.4%)
2025-10-20 09:50:03,401 - INFO - [102/104] NVDA - 2025-10-03
2025-10-20 09:50:09,020 - INFO - NVDA 2025-10-03: 822 contratos, 694 con datos (84.4%)
2025-10-20 09:50:09,021 - INFO - [103/104] NVDA - 2025-10-10
2025-10-20 09:50:11,282 - INFO - NVDA 2025-10-10: 676 contratos, 561 con datos (83.0%)
2025-10-20 09:50:11,283 - INFO - [104/104] NVDA - 2025-10-17
2025-10-20 09:50:13,301 - INFO - NVDA 2025-10-17: 530 contratos, 433 con datos (81.7%)
2025-10-20 09:50:13,315 - INFO - 
✅ NVDA COMPLETADO
2025-10-20 09:50:13,315 - INFO -    Total registros: 4,156
2025-10-20 09:50:13,316 - INFO -    Fechas: 8
2025-10-20 09:50:13,316 - INFO -    Archivo: data/historical/NVDA_2years.parquet
2025-10-20 09:50:13,316 - INFO - 
============================================================
2025-10-20 09:50:13,316 - INFO - [7/10] PROCESANDO: TSLA
2025-10-20 09:50:13,316 - INFO - ============================================================
2025-10-20 09:50:13,316 - INFO - [1/104] TSLA - 2023-10-27
2025-10-20 09:50:13,728 - INFO - [2/104] TSLA - 2023-11-03
2025-10-20 09:50:14,187 - INFO - [3/104] TSLA - 2023-11-10
2025-10-20 09:50:14,688 - INFO - [4/104] TSLA - 2023-11-17
2025-10-20 09:50:15,136 - INFO - [5/104] TSLA - 2023-11-24
2025-10-20 09:50:15,575 - INFO - [6/104] TSLA - 2023-12-01
2025-10-20 09:50:16,026 - INFO - [7/104] TSLA - 2023-12-08
2025-10-20 09:50:16,497 - INFO - [8/104] TSLA - 2023-12-15
2025-10-20 09:50:16,934 - INFO - [9/104] TSLA - 2023-12-22
2025-10-20 09:50:17,363 - INFO - [10/104] TSLA - 2023-12-29
2025-10-20 09:50:17,788 - INFO - [11/104] TSLA - 2024-01-05
2025-10-20 09:50:18,230 - INFO - [12/104] TSLA - 2024-01-12
2025-10-20 09:50:18,667 - INFO - [13/104] TSLA - 2024-01-19
2025-10-20 09:50:19,123 - INFO - [14/104] TSLA - 2024-01-26
2025-10-20 09:50:19,589 - INFO - [15/104] TSLA - 2024-02-02
2025-10-20 09:50:20,024 - INFO - [16/104] TSLA - 2024-02-09
2025-10-20 09:50:20,691 - INFO - [17/104] TSLA - 2024-02-16
2025-10-20 09:50:21,125 - INFO - [18/104] TSLA - 2024-02-23
2025-10-20 09:50:21,557 - INFO - [19/104] TSLA - 2024-03-01
2025-10-20 09:50:21,982 - INFO - [20/104] TSLA - 2024-03-08
2025-10-20 09:50:22,402 - INFO - [21/104] TSLA - 2024-03-15
2025-10-20 09:50:22,808 - INFO - [22/104] TSLA - 2024-03-22
2025-10-20 09:50:23,209 - INFO - [23/104] TSLA - 2024-03-29
2025-10-20 09:50:23,655 - INFO - [24/104] TSLA - 2024-04-05
2025-10-20 09:50:24,109 - INFO - [25/104] TSLA - 2024-04-12
2025-10-20 09:50:24,545 - INFO - [26/104] TSLA - 2024-04-19
2025-10-20 09:50:24,997 - INFO - [27/104] TSLA - 2024-04-26
2025-10-20 09:50:25,427 - INFO - [28/104] TSLA - 2024-05-03
2025-10-20 09:50:25,842 - INFO - [29/104] TSLA - 2024-05-10
2025-10-20 09:50:26,298 - INFO - [30/104] TSLA - 2024-05-17
2025-10-20 09:50:26,697 - INFO - [31/104] TSLA - 2024-05-24
2025-10-20 09:50:27,171 - INFO - [32/104] TSLA - 2024-05-31
2025-10-20 09:50:27,554 - INFO - [33/104] TSLA - 2024-06-07
2025-10-20 09:50:27,981 - INFO - [34/104] TSLA - 2024-06-14
2025-10-20 09:50:28,453 - INFO - [35/104] TSLA - 2024-06-21
2025-10-20 09:50:28,869 - INFO - [36/104] TSLA - 2024-06-28
2025-10-20 09:50:29,299 - INFO - [37/104] TSLA - 2024-07-05
2025-10-20 09:50:29,722 - INFO - [38/104] TSLA - 2024-07-12
2025-10-20 09:50:30,145 - INFO - [39/104] TSLA - 2024-07-19
2025-10-20 09:50:30,589 - INFO - [40/104] TSLA - 2024-07-26
2025-10-20 09:50:31,017 - INFO - [41/104] TSLA - 2024-08-02
2025-10-20 09:50:31,443 - INFO - [42/104] TSLA - 2024-08-09
2025-10-20 09:50:31,858 - INFO - [43/104] TSLA - 2024-08-16
2025-10-20 09:50:32,289 - INFO - [44/104] TSLA - 2024-08-23
2025-10-20 09:50:32,784 - INFO - [45/104] TSLA - 2024-08-30
2025-10-20 09:50:33,209 - INFO - [46/104] TSLA - 2024-09-06
2025-10-20 09:50:33,629 - INFO - [47/104] TSLA - 2024-09-13
2025-10-20 09:50:34,061 - INFO - [48/104] TSLA - 2024-09-20
2025-10-20 09:50:34,492 - INFO - [49/104] TSLA - 2024-09-27
2025-10-20 09:50:34,946 - INFO - [50/104] TSLA - 2024-10-04
2025-10-20 09:50:35,388 - INFO - [51/104] TSLA - 2024-10-11
2025-10-20 09:50:35,804 - INFO - [52/104] TSLA - 2024-10-18
2025-10-20 09:50:36,246 - INFO - [53/104] TSLA - 2024-10-25
2025-10-20 09:50:36,678 - INFO - [54/104] TSLA - 2024-11-01
2025-10-20 09:50:37,097 - INFO - [55/104] TSLA - 2024-11-08
2025-10-20 09:50:37,510 - INFO - [56/104] TSLA - 2024-11-15
2025-10-20 09:50:38,013 - INFO - [57/104] TSLA - 2024-11-22
2025-10-20 09:50:38,420 - INFO - [58/104] TSLA - 2024-11-29
2025-10-20 09:50:38,885 - INFO - [59/104] TSLA - 2024-12-06
2025-10-20 09:50:39,305 - INFO - [60/104] TSLA - 2024-12-13
2025-10-20 09:50:39,775 - INFO - [61/104] TSLA - 2024-12-20
2025-10-20 09:50:40,184 - INFO - [62/104] TSLA - 2024-12-27
2025-10-20 09:50:40,619 - INFO - [63/104] TSLA - 2025-01-03
2025-10-20 09:50:41,008 - INFO - [64/104] TSLA - 2025-01-10
2025-10-20 09:50:41,442 - INFO - [65/104] TSLA - 2025-01-17
2025-10-20 09:50:41,877 - INFO - [66/104] TSLA - 2025-01-24
2025-10-20 09:50:42,344 - INFO - [67/104] TSLA - 2025-01-31
2025-10-20 09:50:42,794 - INFO - [68/104] TSLA - 2025-02-07
2025-10-20 09:50:43,228 - INFO - [69/104] TSLA - 2025-02-14
2025-10-20 09:50:43,677 - INFO - [70/104] TSLA - 2025-02-21
2025-10-20 09:50:44,106 - INFO - [71/104] TSLA - 2025-02-28
2025-10-20 09:50:44,634 - INFO - [72/104] TSLA - 2025-03-07
2025-10-20 09:50:45,090 - INFO - [73/104] TSLA - 2025-03-14
2025-10-20 09:50:45,527 - INFO - [74/104] TSLA - 2025-03-21
2025-10-20 09:50:45,965 - INFO - [75/104] TSLA - 2025-03-28
2025-10-20 09:50:46,374 - INFO - [76/104] TSLA - 2025-04-04
2025-10-20 09:50:46,870 - INFO - [77/104] TSLA - 2025-04-11
2025-10-20 09:50:47,325 - INFO - [78/104] TSLA - 2025-04-18
2025-10-20 09:50:47,860 - INFO - [79/104] TSLA - 2025-04-25
2025-10-20 09:50:48,277 - INFO - [80/104] TSLA - 2025-05-02
2025-10-20 09:50:48,723 - INFO - [81/104] TSLA - 2025-05-09
2025-10-20 09:50:49,203 - INFO - [82/104] TSLA - 2025-05-16
2025-10-20 09:50:49,674 - INFO - [83/104] TSLA - 2025-05-23
2025-10-20 09:50:50,097 - INFO - [84/104] TSLA - 2025-05-30
2025-10-20 09:50:50,624 - INFO - [85/104] TSLA - 2025-06-06
2025-10-20 09:50:51,144 - INFO - [86/104] TSLA - 2025-06-13
2025-10-20 09:50:51,563 - INFO - [87/104] TSLA - 2025-06-20
2025-10-20 09:50:52,013 - INFO - [88/104] TSLA - 2025-06-27
2025-10-20 09:50:52,415 - INFO - [89/104] TSLA - 2025-07-04
2025-10-20 09:50:52,877 - INFO - [90/104] TSLA - 2025-07-11
2025-10-20 09:50:53,306 - INFO - [91/104] TSLA - 2025-07-18
2025-10-20 09:50:53,745 - INFO - [92/104] TSLA - 2025-07-25
2025-10-20 09:50:54,218 - INFO - [93/104] TSLA - 2025-08-01
2025-10-20 09:50:54,640 - INFO - [94/104] TSLA - 2025-08-08
2025-10-20 09:50:55,063 - INFO - [95/104] TSLA - 2025-08-15
2025-10-20 09:50:55,494 - INFO - [96/104] TSLA - 2025-08-22
2025-10-20 09:50:55,931 - INFO - [97/104] TSLA - 2025-08-29
2025-10-20 09:50:57,106 - INFO - TSLA 2025-08-29: 306 contratos, 268 con datos (87.6%)
2025-10-20 09:50:57,108 - INFO - [98/104] TSLA - 2025-09-05
2025-10-20 09:50:59,128 - INFO - TSLA 2025-09-05: 612 contratos, 537 con datos (87.7%)
2025-10-20 09:50:59,129 - INFO - [99/104] TSLA - 2025-09-12
2025-10-20 09:51:02,181 - INFO - TSLA 2025-09-12: 884 contratos, 764 con datos (86.4%)
2025-10-20 09:51:02,182 - INFO - [100/104] TSLA - 2025-09-19
2025-10-20 09:51:05,629 - INFO - TSLA 2025-09-19: 1116 contratos, 950 con datos (85.1%)
2025-10-20 09:51:05,631 - INFO - [101/104] TSLA - 2025-09-26
2025-10-20 09:51:09,940 - INFO - TSLA 2025-09-26: 1420 contratos, 1233 con datos (86.8%)
2025-10-20 09:51:09,941 - INFO - [102/104] TSLA - 2025-10-03
2025-10-20 09:51:14,994 - INFO - TSLA 2025-10-03: 1650 contratos, 1411 con datos (85.5%)
2025-10-20 09:51:14,996 - INFO - [103/104] TSLA - 2025-10-10
2025-10-20 09:51:19,220 - INFO - TSLA 2025-10-10: 1344 contratos, 1143 con datos (85.0%)
2025-10-20 09:51:19,222 - INFO - [104/104] TSLA - 2025-10-17
2025-10-20 09:51:22,481 - INFO - TSLA 2025-10-17: 1038 contratos, 874 con datos (84.2%)
2025-10-20 09:51:22,497 - INFO - 
✅ TSLA COMPLETADO
2025-10-20 09:51:22,497 - INFO -    Total registros: 8,370
2025-10-20 09:51:22,497 - INFO -    Fechas: 8
2025-10-20 09:51:22,497 - INFO -    Archivo: data/historical/TSLA_2years.parquet
2025-10-20 09:51:22,497 - INFO - 
============================================================
2025-10-20 09:51:22,497 - INFO - [8/10] PROCESANDO: AMZN
2025-10-20 09:51:22,497 - INFO - ============================================================
2025-10-20 09:51:22,498 - INFO - [1/104] AMZN - 2023-10-27
2025-10-20 09:51:22,922 - INFO - [2/104] AMZN - 2023-11-03
2025-10-20 09:51:23,331 - INFO - [3/104] AMZN - 2023-11-10
2025-10-20 09:51:23,723 - INFO - [4/104] AMZN - 2023-11-17
2025-10-20 09:51:24,124 - INFO - [5/104] AMZN - 2023-11-24
2025-10-20 09:51:24,529 - INFO - [6/104] AMZN - 2023-12-01
2025-10-20 09:51:24,920 - INFO - [7/104] AMZN - 2023-12-08
2025-10-20 09:51:25,363 - INFO - [8/104] AMZN - 2023-12-15
2025-10-20 09:51:25,940 - INFO - [9/104] AMZN - 2023-12-22
2025-10-20 09:51:26,368 - INFO - [10/104] AMZN - 2023-12-29
2025-10-20 09:51:26,778 - INFO - [11/104] AMZN - 2024-01-05
2025-10-20 09:51:27,145 - INFO - [12/104] AMZN - 2024-01-12
2025-10-20 09:51:27,564 - INFO - [13/104] AMZN - 2024-01-19
2025-10-20 09:51:27,980 - INFO - [14/104] AMZN - 2024-01-26
2025-10-20 09:51:28,422 - INFO - [15/104] AMZN - 2024-02-02
2025-10-20 09:51:28,833 - INFO - [16/104] AMZN - 2024-02-09
2025-10-20 09:51:29,264 - INFO - [17/104] AMZN - 2024-02-16
2025-10-20 09:51:29,704 - INFO - [18/104] AMZN - 2024-02-23
2025-10-20 09:51:30,110 - INFO - [19/104] AMZN - 2024-03-01
2025-10-20 09:51:30,551 - INFO - [20/104] AMZN - 2024-03-08
2025-10-20 09:51:30,963 - INFO - [21/104] AMZN - 2024-03-15
2025-10-20 09:51:31,464 - INFO - [22/104] AMZN - 2024-03-22
2025-10-20 09:51:31,913 - INFO - [23/104] AMZN - 2024-03-29
2025-10-20 09:51:32,321 - INFO - [24/104] AMZN - 2024-04-05
2025-10-20 09:51:32,763 - INFO - [25/104] AMZN - 2024-04-12
2025-10-20 09:51:33,169 - INFO - [26/104] AMZN - 2024-04-19
2025-10-20 09:51:33,583 - INFO - [27/104] AMZN - 2024-04-26
2025-10-20 09:51:33,999 - INFO - [28/104] AMZN - 2024-05-03
2025-10-20 09:51:34,416 - INFO - [29/104] AMZN - 2024-05-10
2025-10-20 09:51:34,880 - INFO - [30/104] AMZN - 2024-05-17
2025-10-20 09:51:35,292 - INFO - [31/104] AMZN - 2024-05-24
2025-10-20 09:51:35,707 - INFO - [32/104] AMZN - 2024-05-31
2025-10-20 09:51:36,134 - INFO - [33/104] AMZN - 2024-06-07
2025-10-20 09:51:36,553 - INFO - [34/104] AMZN - 2024-06-14
2025-10-20 09:51:36,964 - INFO - [35/104] AMZN - 2024-06-21
2025-10-20 09:51:37,349 - INFO - [36/104] AMZN - 2024-06-28
2025-10-20 09:51:37,794 - INFO - [37/104] AMZN - 2024-07-05
2025-10-20 09:51:38,219 - INFO - [38/104] AMZN - 2024-07-12
2025-10-20 09:51:38,637 - INFO - [39/104] AMZN - 2024-07-19
2025-10-20 09:51:39,046 - INFO - [40/104] AMZN - 2024-07-26
2025-10-20 09:51:39,467 - INFO - [41/104] AMZN - 2024-08-02
2025-10-20 09:51:39,885 - INFO - [42/104] AMZN - 2024-08-09
2025-10-20 09:51:40,323 - INFO - [43/104] AMZN - 2024-08-16
2025-10-20 09:51:40,758 - INFO - [44/104] AMZN - 2024-08-23
2025-10-20 09:51:41,172 - INFO - [45/104] AMZN - 2024-08-30
2025-10-20 09:51:41,574 - INFO - [46/104] AMZN - 2024-09-06
2025-10-20 09:51:42,019 - INFO - [47/104] AMZN - 2024-09-13
2025-10-20 09:51:42,663 - INFO - [48/104] AMZN - 2024-09-20
2025-10-20 09:51:43,079 - INFO - [49/104] AMZN - 2024-09-27
2025-10-20 09:51:43,521 - INFO - [50/104] AMZN - 2024-10-04
2025-10-20 09:51:43,954 - INFO - [51/104] AMZN - 2024-10-11
2025-10-20 09:51:44,355 - INFO - [52/104] AMZN - 2024-10-18
2025-10-20 09:51:44,780 - INFO - [53/104] AMZN - 2024-10-25
2025-10-20 09:51:45,234 - INFO - [54/104] AMZN - 2024-11-01
2025-10-20 09:51:45,667 - INFO - [55/104] AMZN - 2024-11-08
2025-10-20 09:51:46,094 - INFO - [56/104] AMZN - 2024-11-15
2025-10-20 09:51:46,492 - INFO - [57/104] AMZN - 2024-11-22
2025-10-20 09:51:47,023 - INFO - [58/104] AMZN - 2024-11-29
2025-10-20 09:51:47,440 - INFO - [59/104] AMZN - 2024-12-06
2025-10-20 09:51:47,883 - INFO - [60/104] AMZN - 2024-12-13
2025-10-20 09:51:48,320 - INFO - [61/104] AMZN - 2024-12-20
2025-10-20 09:51:48,719 - INFO - [62/104] AMZN - 2024-12-27
2025-10-20 09:51:49,154 - INFO - [63/104] AMZN - 2025-01-03
2025-10-20 09:51:49,571 - INFO - [64/104] AMZN - 2025-01-10
2025-10-20 09:51:49,989 - INFO - [65/104] AMZN - 2025-01-17
2025-10-20 09:51:50,486 - INFO - [66/104] AMZN - 2025-01-24
2025-10-20 09:51:50,941 - INFO - [67/104] AMZN - 2025-01-31
2025-10-20 09:51:51,391 - INFO - [68/104] AMZN - 2025-02-07
2025-10-20 09:51:51,808 - INFO - [69/104] AMZN - 2025-02-14
2025-10-20 09:51:52,266 - INFO - [70/104] AMZN - 2025-02-21
2025-10-20 09:51:52,688 - INFO - [71/104] AMZN - 2025-02-28
2025-10-20 09:51:53,116 - INFO - [72/104] AMZN - 2025-03-07
2025-10-20 09:51:53,541 - INFO - [73/104] AMZN - 2025-03-14
2025-10-20 09:51:53,996 - INFO - [74/104] AMZN - 2025-03-21
2025-10-20 09:51:54,470 - INFO - [75/104] AMZN - 2025-03-28
2025-10-20 09:51:54,850 - INFO - [76/104] AMZN - 2025-04-04
2025-10-20 09:51:55,334 - INFO - [77/104] AMZN - 2025-04-11
2025-10-20 09:51:55,769 - INFO - [78/104] AMZN - 2025-04-18
2025-10-20 09:51:56,225 - INFO - [79/104] AMZN - 2025-04-25
2025-10-20 09:51:56,627 - INFO - [80/104] AMZN - 2025-05-02
2025-10-20 09:51:57,052 - INFO - [81/104] AMZN - 2025-05-09
2025-10-20 09:51:57,465 - INFO - [82/104] AMZN - 2025-05-16
2025-10-20 09:51:57,864 - INFO - [83/104] AMZN - 2025-05-23
2025-10-20 09:51:58,283 - INFO - [84/104] AMZN - 2025-05-30
2025-10-20 09:51:58,730 - INFO - [85/104] AMZN - 2025-06-06
2025-10-20 09:51:59,155 - INFO - [86/104] AMZN - 2025-06-13
2025-10-20 09:51:59,580 - INFO - [87/104] AMZN - 2025-06-20
2025-10-20 09:52:00,050 - INFO - [88/104] AMZN - 2025-06-27
2025-10-20 09:52:00,596 - INFO - [89/104] AMZN - 2025-07-04
2025-10-20 09:52:01,154 - INFO - [90/104] AMZN - 2025-07-11
2025-10-20 09:52:01,576 - INFO - [91/104] AMZN - 2025-07-18
2025-10-20 09:52:02,088 - INFO - [92/104] AMZN - 2025-07-25
2025-10-20 09:52:02,571 - INFO - [93/104] AMZN - 2025-08-01
2025-10-20 09:52:03,168 - INFO - [94/104] AMZN - 2025-08-08
2025-10-20 09:52:03,600 - INFO - [95/104] AMZN - 2025-08-15
2025-10-20 09:52:04,038 - INFO - [96/104] AMZN - 2025-08-22
2025-10-20 09:52:04,464 - INFO - [97/104] AMZN - 2025-08-29
2025-10-20 09:52:05,656 - INFO - AMZN 2025-08-29: 98 contratos, 95 con datos (96.9%)
2025-10-20 09:52:05,658 - INFO - [98/104] AMZN - 2025-09-05
2025-10-20 09:52:06,251 - INFO - AMZN 2025-09-05: 196 contratos, 190 con datos (96.9%)
2025-10-20 09:52:06,252 - INFO - [99/104] AMZN - 2025-09-12
2025-10-20 09:52:07,544 - INFO - AMZN 2025-09-12: 290 contratos, 273 con datos (94.1%)
2025-10-20 09:52:07,545 - INFO - [100/104] AMZN - 2025-09-19
2025-10-20 09:52:08,765 - INFO - AMZN 2025-09-19: 364 contratos, 342 con datos (94.0%)
2025-10-20 09:52:08,766 - INFO - [101/104] AMZN - 2025-09-26
2025-10-20 09:52:10,210 - INFO - AMZN 2025-09-26: 486 contratos, 457 con datos (94.0%)
2025-10-20 09:52:10,211 - INFO - [102/104] AMZN - 2025-10-03
2025-10-20 09:52:12,129 - INFO - AMZN 2025-10-03: 560 contratos, 520 con datos (92.9%)
2025-10-20 09:52:12,131 - INFO - [103/104] AMZN - 2025-10-10
2025-10-20 09:52:13,462 - INFO - AMZN 2025-10-10: 462 contratos, 425 con datos (92.0%)
2025-10-20 09:52:13,465 - INFO - [104/104] AMZN - 2025-10-17
2025-10-20 09:52:14,771 - INFO - AMZN 2025-10-17: 364 contratos, 330 con datos (90.7%)
2025-10-20 09:52:14,786 - INFO - 
✅ AMZN COMPLETADO
2025-10-20 09:52:14,787 - INFO -    Total registros: 2,820
2025-10-20 09:52:14,787 - INFO -    Fechas: 8
2025-10-20 09:52:14,787 - INFO -    Archivo: data/historical/AMZN_2years.parquet
2025-10-20 09:52:14,787 - INFO - 
============================================================
2025-10-20 09:52:14,787 - INFO - [9/10] PROCESANDO: GLD
2025-10-20 09:52:14,787 - INFO - ============================================================
2025-10-20 09:52:14,788 - INFO - [1/104] GLD - 2023-10-27
2025-10-20 09:52:15,218 - INFO - [2/104] GLD - 2023-11-03
2025-10-20 09:52:15,660 - INFO - [3/104] GLD - 2023-11-10
2025-10-20 09:52:16,077 - INFO - [4/104] GLD - 2023-11-17
2025-10-20 09:52:16,476 - INFO - [5/104] GLD - 2023-11-24
2025-10-20 09:52:16,880 - INFO - [6/104] GLD - 2023-12-01
2025-10-20 09:52:17,302 - INFO - [7/104] GLD - 2023-12-08
2025-10-20 09:52:17,739 - INFO - [8/104] GLD - 2023-12-15
2025-10-20 09:52:18,180 - INFO - [9/104] GLD - 2023-12-22
2025-10-20 09:52:18,564 - INFO - [10/104] GLD - 2023-12-29
2025-10-20 09:52:18,970 - INFO - [11/104] GLD - 2024-01-05
2025-10-20 09:52:19,397 - INFO - [12/104] GLD - 2024-01-12
2025-10-20 09:52:19,805 - INFO - [13/104] GLD - 2024-01-19
2025-10-20 09:52:20,271 - INFO - [14/104] GLD - 2024-01-26
2025-10-20 09:52:20,734 - INFO - [15/104] GLD - 2024-02-02
2025-10-20 09:52:21,162 - INFO - [16/104] GLD - 2024-02-09
2025-10-20 09:52:21,593 - INFO - [17/104] GLD - 2024-02-16
2025-10-20 09:52:22,023 - INFO - [18/104] GLD - 2024-02-23
2025-10-20 09:52:22,451 - INFO - [19/104] GLD - 2024-03-01
2025-10-20 09:52:22,862 - INFO - [20/104] GLD - 2024-03-08
2025-10-20 09:52:23,297 - INFO - [21/104] GLD - 2024-03-15
2025-10-20 09:52:23,678 - INFO - [22/104] GLD - 2024-03-22
2025-10-20 09:52:24,058 - INFO - [23/104] GLD - 2024-03-29
2025-10-20 09:52:24,461 - INFO - [24/104] GLD - 2024-04-05
2025-10-20 09:52:24,915 - INFO - [25/104] GLD - 2024-04-12
2025-10-20 09:52:25,324 - INFO - [26/104] GLD - 2024-04-19
2025-10-20 09:52:25,718 - INFO - [27/104] GLD - 2024-04-26
2025-10-20 09:52:26,140 - INFO - [28/104] GLD - 2024-05-03
2025-10-20 09:52:26,550 - INFO - [29/104] GLD - 2024-05-10
2025-10-20 09:52:26,992 - INFO - [30/104] GLD - 2024-05-17
2025-10-20 09:52:27,431 - INFO - [31/104] GLD - 2024-05-24
2025-10-20 09:52:27,849 - INFO - [32/104] GLD - 2024-05-31
2025-10-20 09:52:28,274 - INFO - [33/104] GLD - 2024-06-07
2025-10-20 09:52:28,714 - INFO - [34/104] GLD - 2024-06-14
2025-10-20 09:52:29,156 - INFO - [35/104] GLD - 2024-06-21
2025-10-20 09:52:29,618 - INFO - [36/104] GLD - 2024-06-28
2025-10-20 09:52:30,092 - INFO - [37/104] GLD - 2024-07-05
2025-10-20 09:52:30,529 - INFO - [38/104] GLD - 2024-07-12
2025-10-20 09:52:30,964 - INFO - [39/104] GLD - 2024-07-19
2025-10-20 09:52:31,412 - INFO - [40/104] GLD - 2024-07-26
2025-10-20 09:52:31,869 - INFO - [41/104] GLD - 2024-08-02
2025-10-20 09:52:32,301 - INFO - [42/104] GLD - 2024-08-09
2025-10-20 09:52:32,737 - INFO - [43/104] GLD - 2024-08-16
2025-10-20 09:52:33,159 - INFO - [44/104] GLD - 2024-08-23
2025-10-20 09:52:33,632 - INFO - [45/104] GLD - 2024-08-30
2025-10-20 09:52:34,070 - INFO - [46/104] GLD - 2024-09-06
2025-10-20 09:52:34,488 - INFO - [47/104] GLD - 2024-09-13
2025-10-20 09:52:34,910 - INFO - [48/104] GLD - 2024-09-20
2025-10-20 09:52:35,341 - INFO - [49/104] GLD - 2024-09-27
2025-10-20 09:52:35,776 - INFO - [50/104] GLD - 2024-10-04
2025-10-20 09:52:36,199 - INFO - [51/104] GLD - 2024-10-11
2025-10-20 09:52:36,653 - INFO - [52/104] GLD - 2024-10-18
2025-10-20 09:52:37,079 - INFO - [53/104] GLD - 2024-10-25
2025-10-20 09:52:37,500 - INFO - [54/104] GLD - 2024-11-01
2025-10-20 09:52:37,910 - INFO - [55/104] GLD - 2024-11-08
2025-10-20 09:52:38,323 - INFO - [56/104] GLD - 2024-11-15
2025-10-20 09:52:38,770 - INFO - [57/104] GLD - 2024-11-22
2025-10-20 09:52:39,186 - INFO - [58/104] GLD - 2024-11-29
2025-10-20 09:52:39,609 - INFO - [59/104] GLD - 2024-12-06
2025-10-20 09:52:40,035 - INFO - [60/104] GLD - 2024-12-13
2025-10-20 09:52:40,419 - INFO - [61/104] GLD - 2024-12-20
2025-10-20 09:52:40,808 - INFO - [62/104] GLD - 2024-12-27
2025-10-20 09:52:41,236 - INFO - [63/104] GLD - 2025-01-03
2025-10-20 09:52:41,657 - INFO - [64/104] GLD - 2025-01-10
2025-10-20 09:52:42,049 - INFO - [65/104] GLD - 2025-01-17
2025-10-20 09:52:42,463 - INFO - [66/104] GLD - 2025-01-24
2025-10-20 09:52:42,877 - INFO - [67/104] GLD - 2025-01-31
2025-10-20 09:52:43,313 - INFO - [68/104] GLD - 2025-02-07
2025-10-20 09:52:43,724 - INFO - [69/104] GLD - 2025-02-14
2025-10-20 09:52:44,145 - INFO - [70/104] GLD - 2025-02-21
2025-10-20 09:52:44,579 - INFO - [71/104] GLD - 2025-02-28
2025-10-20 09:52:45,007 - INFO - [72/104] GLD - 2025-03-07
2025-10-20 09:52:45,481 - INFO - [73/104] GLD - 2025-03-14
2025-10-20 09:52:46,012 - INFO - [74/104] GLD - 2025-03-21
2025-10-20 09:52:46,460 - INFO - [75/104] GLD - 2025-03-28
2025-10-20 09:52:46,855 - INFO - [76/104] GLD - 2025-04-04
2025-10-20 09:52:47,302 - INFO - [77/104] GLD - 2025-04-11
2025-10-20 09:52:47,740 - INFO - [78/104] GLD - 2025-04-18
2025-10-20 09:52:48,179 - INFO - [79/104] GLD - 2025-04-25
2025-10-20 09:52:48,613 - INFO - [80/104] GLD - 2025-05-02
2025-10-20 09:52:49,056 - INFO - [81/104] GLD - 2025-05-09
2025-10-20 09:52:49,477 - INFO - [82/104] GLD - 2025-05-16
2025-10-20 09:52:49,889 - INFO - [83/104] GLD - 2025-05-23
2025-10-20 09:52:50,348 - INFO - [84/104] GLD - 2025-05-30
2025-10-20 09:52:50,799 - INFO - [85/104] GLD - 2025-06-06
2025-10-20 09:52:51,237 - INFO - [86/104] GLD - 2025-06-13
2025-10-20 09:52:51,682 - INFO - [87/104] GLD - 2025-06-20
2025-10-20 09:52:52,089 - INFO - [88/104] GLD - 2025-06-27
2025-10-20 09:52:52,488 - INFO - [89/104] GLD - 2025-07-04
2025-10-20 09:52:52,896 - INFO - [90/104] GLD - 2025-07-11
2025-10-20 09:52:53,329 - INFO - [91/104] GLD - 2025-07-18
2025-10-20 09:52:53,767 - INFO - [92/104] GLD - 2025-07-25
2025-10-20 09:52:54,161 - INFO - [93/104] GLD - 2025-08-01
2025-10-20 09:52:54,596 - INFO - [94/104] GLD - 2025-08-08
2025-10-20 09:52:55,021 - INFO - [95/104] GLD - 2025-08-15
2025-10-20 09:52:55,460 - INFO - [96/104] GLD - 2025-08-22
2025-10-20 09:52:56,613 - INFO - GLD 2025-08-22: 270 contratos, 226 con datos (83.7%)
2025-10-20 09:52:56,614 - INFO - [97/104] GLD - 2025-08-29
2025-10-20 09:52:59,879 - INFO - GLD 2025-08-29: 1006 contratos, 846 con datos (84.1%)
2025-10-20 09:52:59,881 - INFO - [98/104] GLD - 2025-09-05
2025-10-20 09:53:05,445 - INFO - GLD 2025-09-05: 1540 contratos, 1279 con datos (83.1%)
2025-10-20 09:53:05,447 - INFO - [99/104] GLD - 2025-09-12
2025-10-20 09:53:11,523 - INFO - GLD 2025-09-12: 1810 contratos, 1517 con datos (83.8%)
2025-10-20 09:53:11,526 - INFO - [100/104] GLD - 2025-09-19
2025-10-20 09:53:19,038 - INFO - GLD 2025-09-19: 2040 contratos, 1713 con datos (84.0%)
2025-10-20 09:53:19,040 - INFO - [101/104] GLD - 2025-09-26
2025-10-20 09:53:26,544 - INFO - GLD 2025-09-26: 2434 contratos, 2044 con datos (84.0%)
2025-10-20 09:53:26,546 - INFO - [102/104] GLD - 2025-10-03
2025-10-20 09:53:34,441 - INFO - GLD 2025-10-03: 2632 contratos, 2204 con datos (83.7%)
2025-10-20 09:53:34,443 - INFO - [103/104] GLD - 2025-10-10
2025-10-20 09:53:40,411 - INFO - GLD 2025-10-10: 1812 contratos, 1505 con datos (83.1%)
2025-10-20 09:53:40,413 - INFO - [104/104] GLD - 2025-10-17
2025-10-20 09:53:44,031 - INFO - GLD 2025-10-17: 1152 contratos, 963 con datos (83.6%)
2025-10-20 09:53:44,084 - INFO - 
✅ GLD COMPLETADO
2025-10-20 09:53:44,085 - INFO -    Total registros: 14,696
2025-10-20 09:53:44,085 - INFO -    Fechas: 9
2025-10-20 09:53:44,085 - INFO -    Archivo: data/historical/GLD_2years.parquet
2025-10-20 09:53:44,085 - INFO - 
============================================================
2025-10-20 09:53:44,085 - INFO - [10/10] PROCESANDO: SLV
2025-10-20 09:53:44,085 - INFO - ============================================================
2025-10-20 09:53:44,086 - INFO - [1/104] SLV - 2023-10-27
2025-10-20 09:53:44,527 - INFO - [2/104] SLV - 2023-11-03
2025-10-20 09:53:44,986 - INFO - [3/104] SLV - 2023-11-10
2025-10-20 09:53:45,403 - INFO - [4/104] SLV - 2023-11-17
2025-10-20 09:53:45,804 - INFO - [5/104] SLV - 2023-11-24
2025-10-20 09:53:46,241 - INFO - [6/104] SLV - 2023-12-01
2025-10-20 09:53:46,695 - INFO - [7/104] SLV - 2023-12-08
2025-10-20 09:53:47,151 - INFO - [8/104] SLV - 2023-12-15
2025-10-20 09:53:47,561 - INFO - [9/104] SLV - 2023-12-22
2025-10-20 09:53:48,053 - INFO - [10/104] SLV - 2023-12-29
2025-10-20 09:53:48,440 - INFO - [11/104] SLV - 2024-01-05
2025-10-20 09:53:48,884 - INFO - [12/104] SLV - 2024-01-12
2025-10-20 09:53:49,298 - INFO - [13/104] SLV - 2024-01-19
2025-10-20 09:53:49,743 - INFO - [14/104] SLV - 2024-01-26
2025-10-20 09:53:50,156 - INFO - [15/104] SLV - 2024-02-02
2025-10-20 09:53:50,675 - INFO - [16/104] SLV - 2024-02-09
2025-10-20 09:53:51,115 - INFO - [17/104] SLV - 2024-02-16
2025-10-20 09:53:51,531 - INFO - [18/104] SLV - 2024-02-23
2025-10-20 09:53:51,950 - INFO - [19/104] SLV - 2024-03-01
2025-10-20 09:53:52,392 - INFO - [20/104] SLV - 2024-03-08
2025-10-20 09:53:52,811 - INFO - [21/104] SLV - 2024-03-15
2025-10-20 09:53:53,253 - INFO - [22/104] SLV - 2024-03-22
2025-10-20 09:53:53,692 - INFO - [23/104] SLV - 2024-03-29
2025-10-20 09:53:54,117 - INFO - [24/104] SLV - 2024-04-05
2025-10-20 09:53:54,537 - INFO - [25/104] SLV - 2024-04-12
2025-10-20 09:53:54,975 - INFO - [26/104] SLV - 2024-04-19
2025-10-20 09:53:55,358 - INFO - [27/104] SLV - 2024-04-26
2025-10-20 09:53:55,856 - INFO - [28/104] SLV - 2024-05-03
2025-10-20 09:53:56,280 - INFO - [29/104] SLV - 2024-05-10
2025-10-20 09:53:56,702 - INFO - [30/104] SLV - 2024-05-17
2025-10-20 09:53:57,097 - INFO - [31/104] SLV - 2024-05-24
2025-10-20 09:53:57,534 - INFO - [32/104] SLV - 2024-05-31
2025-10-20 09:53:57,935 - INFO - [33/104] SLV - 2024-06-07
2025-10-20 09:53:58,366 - INFO - [34/104] SLV - 2024-06-14
2025-10-20 09:53:58,780 - INFO - [35/104] SLV - 2024-06-21
2025-10-20 09:53:59,182 - INFO - [36/104] SLV - 2024-06-28
2025-10-20 09:53:59,613 - INFO - [37/104] SLV - 2024-07-05
2025-10-20 09:54:00,160 - INFO - [38/104] SLV - 2024-07-12
2025-10-20 09:54:00,679 - INFO - [39/104] SLV - 2024-07-19
2025-10-20 09:54:01,299 - INFO - [40/104] SLV - 2024-07-26
2025-10-20 09:54:01,890 - INFO - [41/104] SLV - 2024-08-02
2025-10-20 09:54:02,323 - INFO - [42/104] SLV - 2024-08-09
2025-10-20 09:54:02,720 - INFO - [43/104] SLV - 2024-08-16
2025-10-20 09:54:03,194 - INFO - [44/104] SLV - 2024-08-23
2025-10-20 09:54:03,653 - INFO - [45/104] SLV - 2024-08-30
2025-10-20 09:54:04,099 - INFO - [46/104] SLV - 2024-09-06
2025-10-20 09:54:04,871 - INFO - [47/104] SLV - 2024-09-13
2025-10-20 09:54:05,329 - INFO - [48/104] SLV - 2024-09-20
2025-10-20 09:54:05,796 - INFO - [49/104] SLV - 2024-09-27
2025-10-20 09:54:06,247 - INFO - [50/104] SLV - 2024-10-04
2025-10-20 09:54:06,969 - INFO - [51/104] SLV - 2024-10-11
2025-10-20 09:54:07,382 - INFO - [52/104] SLV - 2024-10-18
2025-10-20 09:54:07,870 - INFO - [53/104] SLV - 2024-10-25
2025-10-20 09:54:08,311 - INFO - [54/104] SLV - 2024-11-01
2025-10-20 09:54:09,073 - INFO - [55/104] SLV - 2024-11-08
2025-10-20 09:54:09,532 - INFO - [56/104] SLV - 2024-11-15
2025-10-20 09:54:09,960 - INFO - [57/104] SLV - 2024-11-22
2025-10-20 09:54:10,394 - INFO - [58/104] SLV - 2024-11-29
2025-10-20 09:54:10,837 - INFO - [59/104] SLV - 2024-12-06
2025-10-20 09:54:11,257 - INFO - [60/104] SLV - 2024-12-13
2025-10-20 09:54:11,645 - INFO - [61/104] SLV - 2024-12-20
2025-10-20 09:54:12,139 - INFO - [62/104] SLV - 2024-12-27
2025-10-20 09:54:12,553 - INFO - [63/104] SLV - 2025-01-03
2025-10-20 09:54:13,010 - INFO - [64/104] SLV - 2025-01-10
2025-10-20 09:54:13,409 - INFO - [65/104] SLV - 2025-01-17
2025-10-20 09:54:13,833 - INFO - [66/104] SLV - 2025-01-24
2025-10-20 09:54:14,264 - INFO - [67/104] SLV - 2025-01-31
2025-10-20 09:54:14,646 - INFO - [68/104] SLV - 2025-02-07
2025-10-20 09:54:15,023 - INFO - [69/104] SLV - 2025-02-14
2025-10-20 09:54:15,441 - INFO - [70/104] SLV - 2025-02-21
2025-10-20 09:54:15,845 - INFO - [71/104] SLV - 2025-02-28
2025-10-20 09:54:16,228 - INFO - [72/104] SLV - 2025-03-07
2025-10-20 09:54:16,634 - INFO - [73/104] SLV - 2025-03-14
2025-10-20 09:54:17,053 - INFO - [74/104] SLV - 2025-03-21
2025-10-20 09:54:17,467 - INFO - [75/104] SLV - 2025-03-28
2025-10-20 09:54:17,871 - INFO - [76/104] SLV - 2025-04-04
2025-10-20 09:54:18,271 - INFO - [77/104] SLV - 2025-04-11
2025-10-20 09:54:18,668 - INFO - [78/104] SLV - 2025-04-18
2025-10-20 09:54:19,131 - INFO - [79/104] SLV - 2025-04-25
2025-10-20 09:54:19,554 - INFO - [80/104] SLV - 2025-05-02
2025-10-20 09:54:20,055 - INFO - [81/104] SLV - 2025-05-09
2025-10-20 09:54:20,538 - INFO - [82/104] SLV - 2025-05-16
2025-10-20 09:54:20,966 - INFO - [83/104] SLV - 2025-05-23
2025-10-20 09:54:21,366 - INFO - [84/104] SLV - 2025-05-30
2025-10-20 09:54:21,827 - INFO - [85/104] SLV - 2025-06-06
2025-10-20 09:54:22,248 - INFO - [86/104] SLV - 2025-06-13
2025-10-20 09:54:22,685 - INFO - [87/104] SLV - 2025-06-20
2025-10-20 09:54:23,112 - INFO - [88/104] SLV - 2025-06-27
2025-10-20 09:54:23,531 - INFO - [89/104] SLV - 2025-07-04
2025-10-20 09:54:23,950 - INFO - [90/104] SLV - 2025-07-11
2025-10-20 09:54:24,399 - INFO - [91/104] SLV - 2025-07-18
2025-10-20 09:54:24,839 - INFO - [92/104] SLV - 2025-07-25
2025-10-20 09:54:25,272 - INFO - [93/104] SLV - 2025-08-01
2025-10-20 09:54:25,713 - INFO - [94/104] SLV - 2025-08-08
2025-10-20 09:54:26,109 - INFO - [95/104] SLV - 2025-08-15
2025-10-20 09:54:26,550 - INFO - [96/104] SLV - 2025-08-22
2025-10-20 09:54:27,049 - INFO - SLV 2025-08-22: 158 contratos, 117 con datos (74.1%)
2025-10-20 09:54:27,050 - INFO - [97/104] SLV - 2025-08-29
2025-10-20 09:54:28,948 - INFO - SLV 2025-08-29: 644 contratos, 411 con datos (63.8%)
2025-10-20 09:54:28,949 - INFO - [98/104] SLV - 2025-09-05
2025-10-20 09:54:32,897 - INFO - SLV 2025-09-05: 1024 contratos, 647 con datos (63.2%)
2025-10-20 09:54:32,899 - INFO - [99/104] SLV - 2025-09-12
2025-10-20 09:54:36,578 - INFO - SLV 2025-09-12: 1188 contratos, 769 con datos (64.7%)
2025-10-20 09:54:36,579 - INFO - [100/104] SLV - 2025-09-19
2025-10-20 09:54:40,902 - INFO - SLV 2025-09-19: 1344 contratos, 879 con datos (65.4%)
2025-10-20 09:54:40,905 - INFO - [101/104] SLV - 2025-09-26
2025-10-20 09:54:46,574 - INFO - SLV 2025-09-26: 1562 contratos, 1067 con datos (68.3%)
2025-10-20 09:54:46,576 - INFO - [102/104] SLV - 2025-10-03
2025-10-20 09:54:51,674 - INFO - SLV 2025-10-03: 1712 contratos, 1174 con datos (68.6%)
2025-10-20 09:54:51,677 - INFO - [103/104] SLV - 2025-10-10
2025-10-20 09:54:55,231 - INFO - SLV 2025-10-10: 1222 contratos, 838 con datos (68.6%)
2025-10-20 09:54:55,233 - INFO - [104/104] SLV - 2025-10-17
2025-10-20 09:54:57,228 - INFO - SLV 2025-10-17: 740 contratos, 554 con datos (74.9%)
2025-10-20 09:54:57,248 - INFO - 
✅ SLV COMPLETADO
2025-10-20 09:54:57,248 - INFO -    Total registros: 9,594
2025-10-20 09:54:57,249 - INFO -    Fechas: 9
2025-10-20 09:54:57,249 - INFO -    Archivo: data/historical/SLV_2years.parquet
2025-10-20 09:54:57,249 - INFO - 
============================================================
2025-10-20 09:54:57,249 - INFO - EXTRACCIÓN COMPLETADA
2025-10-20 09:54:57,249 - INFO - ============================================================
2025-10-20 10:05:42,969 - INFO - ============================================================
2025-10-20 10:05:42,970 - INFO - INICIO EXTRACCIÓN HISTÓRICA
2025-10-20 10:05:42,970 - INFO - ============================================================
2025-10-20 10:05:42,970 - INFO - Tickers: SPY, QQQ, IWM, AAPL, MSFT, NVDA, TSLA, AMZN, GLD, SLV
2025-10-20 10:05:42,970 - INFO - Período: 2025-08-21 a 2025-10-20
2025-10-20 10:05:42,970 - INFO - ============================================================
2025-10-20 10:05:42,979 - INFO - Fechas a procesar: 9
2025-10-20 10:05:42,979 - INFO - Total extracciones: 90
2025-10-20 10:05:42,979 - INFO - 
============================================================
2025-10-20 10:05:42,979 - INFO - [1/10] PROCESANDO: SPY
2025-10-20 10:05:42,979 - INFO - ============================================================
2025-10-20 10:05:42,980 - INFO - [1/9] SPY - 2025-08-22
2025-10-20 10:05:45,041 - INFO - SPY 2025-08-22: 540 contratos, 428 con datos (79.3%)
2025-10-20 10:05:45,042 - INFO - [2/9] SPY - 2025-08-29
2025-10-20 10:05:51,276 - INFO - SPY 2025-08-29: 1928 contratos, 1446 con datos (75.0%)
2025-10-20 10:05:51,278 - INFO - [3/9] SPY - 2025-09-05
2025-10-20 10:06:02,867 - INFO - SPY 2025-09-05: 3056 contratos, 2303 con datos (75.4%)
2025-10-20 10:06:02,869 - INFO - [4/9] SPY - 2025-09-12
2025-10-20 10:06:16,401 - INFO - SPY 2025-09-12: 3332 contratos, 2555 con datos (76.7%)
2025-10-20 10:06:16,404 - INFO - [5/9] SPY - 2025-09-19
2025-10-20 10:06:27,388 - INFO - SPY 2025-09-19: 3604 contratos, 2777 con datos (77.1%)
2025-10-20 10:06:27,390 - INFO - [6/9] SPY - 2025-09-26
2025-10-20 10:06:39,049 - INFO - SPY 2025-09-26: 3952 contratos, 3105 con datos (78.6%)
2025-10-20 10:06:39,054 - INFO - [7/9] SPY - 2025-10-03
2025-10-20 10:06:52,799 - INFO - SPY 2025-10-03: 4426 contratos, 3553 con datos (80.3%)
2025-10-20 10:06:52,803 - INFO - [8/9] SPY - 2025-10-10
2025-10-20 10:07:02,882 - INFO - SPY 2025-10-10: 3038 contratos, 2462 con datos (81.0%)
2025-10-20 10:07:02,885 - INFO - [9/9] SPY - 2025-10-17
2025-10-20 10:07:07,498 - INFO - SPY 2025-10-17: 1430 contratos, 1283 con datos (89.7%)
2025-10-20 10:07:07,657 - INFO - 
✅ SPY COMPLETADO
2025-10-20 10:07:07,657 - INFO -    Total registros: 25,306
2025-10-20 10:07:07,659 - INFO -    Fechas: 9
2025-10-20 10:07:07,659 - INFO -    Archivo: data/historical/SPY_60days.parquet
2025-10-20 10:07:07,659 - INFO - 
============================================================
2025-10-20 10:07:07,659 - INFO - [2/10] PROCESANDO: QQQ
2025-10-20 10:07:07,659 - INFO - ============================================================
2025-10-20 10:07:07,661 - INFO - [1/9] QQQ - 2025-08-22
2025-10-20 10:07:09,633 - INFO - QQQ 2025-08-22: 562 contratos, 348 con datos (61.9%)
2025-10-20 10:07:09,634 - INFO - [2/9] QQQ - 2025-08-29
2025-10-20 10:07:14,705 - INFO - QQQ 2025-08-29: 1516 contratos, 1140 con datos (75.2%)
2025-10-20 10:07:14,707 - INFO - [3/9] QQQ - 2025-09-05
2025-10-20 10:07:21,792 - INFO - QQQ 2025-09-05: 2228 contratos, 1702 con datos (76.4%)
2025-10-20 10:07:21,794 - INFO - [4/9] QQQ - 2025-09-12
2025-10-20 10:07:29,195 - INFO - QQQ 2025-09-12: 2484 contratos, 1926 con datos (77.5%)
2025-10-20 10:07:29,209 - INFO - [5/9] QQQ - 2025-09-19
2025-10-20 10:07:37,385 - INFO - QQQ 2025-09-19: 2720 contratos, 2129 con datos (78.3%)
2025-10-20 10:07:37,388 - INFO - [6/9] QQQ - 2025-09-26
2025-10-20 10:07:47,074 - INFO - QQQ 2025-09-26: 3056 contratos, 2436 con datos (79.7%)
2025-10-20 10:07:47,076 - INFO - [7/9] QQQ - 2025-10-03
2025-10-20 10:07:57,302 - INFO - QQQ 2025-10-03: 3382 contratos, 2737 con datos (80.9%)
2025-10-20 10:07:57,305 - INFO - [8/9] QQQ - 2025-10-10
2025-10-20 10:08:04,674 - INFO - QQQ 2025-10-10: 2206 contratos, 1849 con datos (83.8%)
2025-10-20 10:08:04,676 - INFO - [9/9] QQQ - 2025-10-17
2025-10-20 10:08:08,702 - INFO - QQQ 2025-10-17: 1214 contratos, 1073 con datos (88.4%)
2025-10-20 10:08:08,767 - INFO - 
✅ QQQ COMPLETADO
2025-10-20 10:08:08,767 - INFO -    Total registros: 19,368
2025-10-20 10:08:08,768 - INFO -    Fechas: 9
2025-10-20 10:08:08,768 - INFO -    Archivo: data/historical/QQQ_60days.parquet
2025-10-20 10:08:08,768 - INFO - 
============================================================
2025-10-20 10:08:08,769 - INFO - [3/10] PROCESANDO: IWM
2025-10-20 10:08:08,769 - INFO - ============================================================
2025-10-20 10:08:08,774 - INFO - [1/9] IWM - 2025-08-22
2025-10-20 10:08:09,978 - INFO - IWM 2025-08-22: 320 contratos, 239 con datos (74.7%)
2025-10-20 10:08:09,980 - INFO - [2/9] IWM - 2025-08-29
2025-10-20 10:08:13,488 - INFO - IWM 2025-08-29: 1094 contratos, 784 con datos (71.7%)
2025-10-20 10:08:13,490 - INFO - [3/9] IWM - 2025-09-05
2025-10-20 10:08:18,372 - INFO - IWM 2025-09-05: 1598 contratos, 1118 con datos (70.0%)
2025-10-20 10:08:18,374 - INFO - [4/9] IWM - 2025-09-12
2025-10-20 10:08:24,117 - INFO - IWM 2025-09-12: 1754 contratos, 1238 con datos (70.6%)
2025-10-20 10:08:24,125 - INFO - [5/9] IWM - 2025-09-19
2025-10-20 10:08:30,026 - INFO - IWM 2025-09-19: 1898 contratos, 1365 con datos (71.9%)
2025-10-20 10:08:30,028 - INFO - [6/9] IWM - 2025-09-26
2025-10-20 10:08:36,311 - INFO - IWM 2025-09-26: 2156 contratos, 1603 con datos (74.4%)
2025-10-20 10:08:36,314 - INFO - [7/9] IWM - 2025-10-03
2025-10-20 10:08:43,384 - INFO - IWM 2025-10-03: 2302 contratos, 1725 con datos (74.9%)
2025-10-20 10:08:43,387 - INFO - [8/9] IWM - 2025-10-10
2025-10-20 10:08:47,818 - INFO - IWM 2025-10-10: 1484 contratos, 1116 con datos (75.2%)
2025-10-20 10:08:47,820 - INFO - [9/9] IWM - 2025-10-17
2025-10-20 10:08:50,688 - INFO - IWM 2025-10-17: 764 contratos, 635 con datos (83.1%)
2025-10-20 10:08:50,747 - INFO - 
✅ IWM COMPLETADO
2025-10-20 10:08:50,748 - INFO -    Total registros: 13,370
2025-10-20 10:08:50,748 - INFO -    Fechas: 9
2025-10-20 10:08:50,749 - INFO -    Archivo: data/historical/IWM_60days.parquet
2025-10-20 10:08:50,749 - INFO - 
============================================================
2025-10-20 10:08:50,749 - INFO - [4/10] PROCESANDO: AAPL
2025-10-20 10:08:50,749 - INFO - ============================================================
2025-10-20 10:08:50,750 - INFO - [1/9] AAPL - 2025-08-22
2025-10-20 10:08:51,206 - INFO - [2/9] AAPL - 2025-08-29
2025-10-20 10:08:51,676 - INFO - AAPL 2025-08-29: 114 contratos, 104 con datos (91.2%)
2025-10-20 10:08:51,679 - INFO - [3/9] AAPL - 2025-09-05
2025-10-20 10:08:52,348 - INFO - AAPL 2025-09-05: 226 contratos, 202 con datos (89.4%)
2025-10-20 10:08:52,349 - INFO - [4/9] AAPL - 2025-09-12
2025-10-20 10:08:53,559 - INFO - AAPL 2025-09-12: 334 contratos, 293 con datos (87.7%)
2025-10-20 10:08:53,561 - INFO - [5/9] AAPL - 2025-09-19
2025-10-20 10:08:54,947 - INFO - AAPL 2025-09-19: 422 contratos, 361 con datos (85.5%)
2025-10-20 10:08:54,948 - INFO - [6/9] AAPL - 2025-09-26
2025-10-20 10:08:56,892 - INFO - AAPL 2025-09-26: 544 contratos, 476 con datos (87.5%)
2025-10-20 10:08:56,895 - INFO - [7/9] AAPL - 2025-10-03
2025-10-20 10:08:58,909 - INFO - AAPL 2025-10-03: 632 contratos, 532 con datos (84.2%)
2025-10-20 10:08:58,910 - INFO - [8/9] AAPL - 2025-10-10
2025-10-20 10:09:01,083 - INFO - AAPL 2025-10-10: 518 contratos, 428 con datos (82.6%)
2025-10-20 10:09:01,086 - INFO - [9/9] AAPL - 2025-10-17
2025-10-20 10:09:02,652 - INFO - AAPL 2025-10-17: 406 contratos, 330 con datos (81.3%)
2025-10-20 10:09:02,664 - INFO - 
✅ AAPL COMPLETADO
2025-10-20 10:09:02,664 - INFO -    Total registros: 3,196
2025-10-20 10:09:02,665 - INFO -    Fechas: 8
2025-10-20 10:09:02,665 - INFO -    Archivo: data/historical/AAPL_60days.parquet
2025-10-20 10:09:02,665 - INFO - 
============================================================
2025-10-20 10:09:02,665 - INFO - [5/10] PROCESANDO: MSFT
2025-10-20 10:09:02,665 - INFO - ============================================================
2025-10-20 10:09:02,665 - INFO - [1/9] MSFT - 2025-08-22
2025-10-20 10:09:03,289 - INFO - [2/9] MSFT - 2025-08-29
2025-10-20 10:09:03,876 - INFO - MSFT 2025-08-29: 166 contratos, 143 con datos (86.1%)
2025-10-20 10:09:03,877 - INFO - [3/9] MSFT - 2025-09-05
2025-10-20 10:09:05,591 - INFO - MSFT 2025-09-05: 332 contratos, 293 con datos (88.3%)
2025-10-20 10:09:05,593 - INFO - [4/9] MSFT - 2025-09-12
2025-10-20 10:09:06,942 - INFO - MSFT 2025-09-12: 494 contratos, 432 con datos (87.4%)
2025-10-20 10:09:06,943 - INFO - [5/9] MSFT - 2025-09-19
2025-10-20 10:09:08,983 - INFO - MSFT 2025-09-19: 638 contratos, 528 con datos (82.8%)
2025-10-20 10:09:08,985 - INFO - [6/9] MSFT - 2025-09-26
2025-10-20 10:09:11,661 - INFO - MSFT 2025-09-26: 832 contratos, 702 con datos (84.4%)
2025-10-20 10:09:11,663 - INFO - [7/9] MSFT - 2025-10-03
2025-10-20 10:09:14,588 - INFO - MSFT 2025-10-03: 976 contratos, 781 con datos (80.0%)
2025-10-20 10:09:14,590 - INFO - [8/9] MSFT - 2025-10-10
2025-10-20 10:09:17,368 - INFO - MSFT 2025-10-10: 810 contratos, 638 con datos (78.8%)
2025-10-20 10:09:17,372 - INFO - [9/9] MSFT - 2025-10-17
2025-10-20 10:09:19,410 - INFO - MSFT 2025-10-17: 644 contratos, 488 con datos (75.8%)
2025-10-20 10:09:19,422 - INFO - 
✅ MSFT COMPLETADO
2025-10-20 10:09:19,422 - INFO -    Total registros: 4,892
2025-10-20 10:09:19,423 - INFO -    Fechas: 8
2025-10-20 10:09:19,423 - INFO -    Archivo: data/historical/MSFT_60days.parquet
2025-10-20 10:09:19,423 - INFO - 
============================================================
2025-10-20 10:09:19,423 - INFO - [6/10] PROCESANDO: NVDA
2025-10-20 10:09:19,423 - INFO - ============================================================
2025-10-20 10:09:19,424 - INFO - [1/9] NVDA - 2025-08-22
2025-10-20 10:09:19,840 - INFO - [2/9] NVDA - 2025-08-29
2025-10-20 10:09:20,426 - INFO - NVDA 2025-08-29: 146 contratos, 133 con datos (91.1%)
2025-10-20 10:09:20,428 - INFO - [3/9] NVDA - 2025-09-05
2025-10-20 10:09:21,692 - INFO - NVDA 2025-09-05: 292 contratos, 261 con datos (89.4%)
2025-10-20 10:09:21,694 - INFO - [4/9] NVDA - 2025-09-12
2025-10-20 10:09:23,000 - INFO - NVDA 2025-09-12: 434 contratos, 379 con datos (87.3%)
2025-10-20 10:09:23,001 - INFO - [5/9] NVDA - 2025-09-19
2025-10-20 10:09:25,287 - INFO - NVDA 2025-09-19: 556 contratos, 476 con datos (85.6%)
2025-10-20 10:09:25,288 - INFO - [6/9] NVDA - 2025-09-26
2025-10-20 10:09:27,369 - INFO - NVDA 2025-09-26: 700 contratos, 607 con datos (86.7%)
2025-10-20 10:09:27,372 - INFO - [7/9] NVDA - 2025-10-03
2025-10-20 10:09:30,012 - INFO - NVDA 2025-10-03: 822 contratos, 696 con datos (84.7%)
2025-10-20 10:09:30,014 - INFO - [8/9] NVDA - 2025-10-10
2025-10-20 10:09:32,016 - INFO - NVDA 2025-10-10: 676 contratos, 563 con datos (83.3%)
2025-10-20 10:09:32,017 - INFO - [9/9] NVDA - 2025-10-17
2025-10-20 10:09:33,877 - INFO - NVDA 2025-10-17: 530 contratos, 435 con datos (82.1%)
2025-10-20 10:09:33,888 - INFO - 
✅ NVDA COMPLETADO
2025-10-20 10:09:33,888 - INFO -    Total registros: 4,156
2025-10-20 10:09:33,889 - INFO -    Fechas: 8
2025-10-20 10:09:33,889 - INFO -    Archivo: data/historical/NVDA_60days.parquet
2025-10-20 10:09:33,889 - INFO - 
============================================================
2025-10-20 10:09:33,889 - INFO - [7/10] PROCESANDO: TSLA
2025-10-20 10:09:33,889 - INFO - ============================================================
2025-10-20 10:09:33,889 - INFO - [1/9] TSLA - 2025-08-22
2025-10-20 10:09:34,283 - INFO - [2/9] TSLA - 2025-08-29
2025-10-20 10:09:35,523 - INFO - TSLA 2025-08-29: 306 contratos, 268 con datos (87.6%)
2025-10-20 10:09:35,525 - INFO - [3/9] TSLA - 2025-09-05
2025-10-20 10:09:37,547 - INFO - TSLA 2025-09-05: 612 contratos, 537 con datos (87.7%)
2025-10-20 10:09:37,548 - INFO - [4/9] TSLA - 2025-09-12
2025-10-20 10:09:40,678 - INFO - TSLA 2025-09-12: 884 contratos, 764 con datos (86.4%)
2025-10-20 10:09:40,680 - INFO - [5/9] TSLA - 2025-09-19
2025-10-20 10:09:44,071 - INFO - TSLA 2025-09-19: 1116 contratos, 950 con datos (85.1%)
2025-10-20 10:09:44,072 - INFO - [6/9] TSLA - 2025-09-26
2025-10-20 10:09:48,736 - INFO - TSLA 2025-09-26: 1420 contratos, 1233 con datos (86.8%)
2025-10-20 10:09:48,738 - INFO - [7/9] TSLA - 2025-10-03
2025-10-20 10:09:53,778 - INFO - TSLA 2025-10-03: 1650 contratos, 1411 con datos (85.5%)
2025-10-20 10:09:53,780 - INFO - [8/9] TSLA - 2025-10-10
2025-10-20 10:09:57,957 - INFO - TSLA 2025-10-10: 1344 contratos, 1143 con datos (85.0%)
2025-10-20 10:09:57,959 - INFO - [9/9] TSLA - 2025-10-17
2025-10-20 10:10:02,971 - INFO - TSLA 2025-10-17: 1038 contratos, 874 con datos (84.2%)
2025-10-20 10:10:02,994 - INFO - 
✅ TSLA COMPLETADO
2025-10-20 10:10:02,995 - INFO -    Total registros: 8,370
2025-10-20 10:10:03,010 - INFO -    Fechas: 8
2025-10-20 10:10:03,010 - INFO -    Archivo: data/historical/TSLA_60days.parquet
2025-10-20 10:10:03,010 - INFO - 
============================================================
2025-10-20 10:10:03,010 - INFO - [8/10] PROCESANDO: AMZN
2025-10-20 10:10:03,010 - INFO - ============================================================
2025-10-20 10:10:03,012 - INFO - [1/9] AMZN - 2025-08-22
2025-10-20 10:10:03,575 - INFO - [2/9] AMZN - 2025-08-29
2025-10-20 10:10:04,018 - INFO - AMZN 2025-08-29: 98 contratos, 95 con datos (96.9%)
2025-10-20 10:10:04,019 - INFO - [3/9] AMZN - 2025-09-05
2025-10-20 10:10:04,824 - INFO - AMZN 2025-09-05: 196 contratos, 190 con datos (96.9%)
2025-10-20 10:10:04,825 - INFO - [4/9] AMZN - 2025-09-12
2025-10-20 10:10:06,053 - INFO - AMZN 2025-09-12: 290 contratos, 274 con datos (94.5%)
2025-10-20 10:10:06,054 - INFO - [5/9] AMZN - 2025-09-19
2025-10-20 10:10:07,382 - INFO - AMZN 2025-09-19: 364 contratos, 343 con datos (94.2%)
2025-10-20 10:10:07,383 - INFO - [6/9] AMZN - 2025-09-26
2025-10-20 10:10:09,282 - INFO - AMZN 2025-09-26: 486 contratos, 458 con datos (94.2%)
2025-10-20 10:10:09,283 - INFO - [7/9] AMZN - 2025-10-03
2025-10-20 10:10:11,175 - INFO - AMZN 2025-10-03: 560 contratos, 521 con datos (93.0%)
2025-10-20 10:10:11,176 - INFO - [8/9] AMZN - 2025-10-10
2025-10-20 10:10:12,458 - INFO - AMZN 2025-10-10: 462 contratos, 426 con datos (92.2%)
2025-10-20 10:10:12,459 - INFO - [9/9] AMZN - 2025-10-17
2025-10-20 10:10:13,792 - INFO - AMZN 2025-10-17: 364 contratos, 331 con datos (90.9%)
2025-10-20 10:10:13,804 - INFO - 
✅ AMZN COMPLETADO
2025-10-20 10:10:13,804 - INFO -    Total registros: 2,820
2025-10-20 10:10:13,804 - INFO -    Fechas: 8
2025-10-20 10:10:13,804 - INFO -    Archivo: data/historical/AMZN_60days.parquet
2025-10-20 10:10:13,804 - INFO - 
============================================================
2025-10-20 10:10:13,804 - INFO - [9/10] PROCESANDO: GLD
2025-10-20 10:10:13,804 - INFO - ============================================================
2025-10-20 10:10:13,804 - INFO - [1/9] GLD - 2025-08-22
2025-10-20 10:10:15,023 - INFO - GLD 2025-08-22: 270 contratos, 228 con datos (84.4%)
2025-10-20 10:10:15,025 - INFO - [2/9] GLD - 2025-08-29
2025-10-20 10:10:18,521 - INFO - GLD 2025-08-29: 1006 contratos, 850 con datos (84.5%)
2025-10-20 10:10:18,523 - INFO - [3/9] GLD - 2025-09-05
2025-10-20 10:10:23,495 - INFO - GLD 2025-09-05: 1540 contratos, 1289 con datos (83.7%)
2025-10-20 10:10:23,497 - INFO - [4/9] GLD - 2025-09-12
2025-10-20 10:10:29,303 - INFO - GLD 2025-09-12: 1810 contratos, 1527 con datos (84.4%)
2025-10-20 10:10:29,305 - INFO - [5/9] GLD - 2025-09-19
2025-10-20 10:10:37,775 - INFO - GLD 2025-09-19: 2040 contratos, 1723 con datos (84.5%)
2025-10-20 10:10:37,777 - INFO - [6/9] GLD - 2025-09-26
2025-10-20 10:10:45,615 - INFO - GLD 2025-09-26: 2434 contratos, 2055 con datos (84.4%)
2025-10-20 10:10:45,618 - INFO - [7/9] GLD - 2025-10-03
2025-10-20 10:10:54,117 - INFO - GLD 2025-10-03: 2632 contratos, 2215 con datos (84.2%)
2025-10-20 10:10:54,119 - INFO - [8/9] GLD - 2025-10-10
2025-10-20 10:10:59,656 - INFO - GLD 2025-10-10: 1812 contratos, 1514 con datos (83.6%)
2025-10-20 10:10:59,658 - INFO - [9/9] GLD - 2025-10-17
2025-10-20 10:11:03,588 - INFO - GLD 2025-10-17: 1152 contratos, 967 con datos (83.9%)
2025-10-20 10:11:03,614 - INFO - 
✅ GLD COMPLETADO
2025-10-20 10:11:03,614 - INFO -    Total registros: 14,696
2025-10-20 10:11:03,615 - INFO -    Fechas: 9
2025-10-20 10:11:03,615 - INFO -    Archivo: data/historical/GLD_60days.parquet
2025-10-20 10:11:03,615 - INFO - 
============================================================
2025-10-20 10:11:03,615 - INFO - [10/10] PROCESANDO: SLV
2025-10-20 10:11:03,615 - INFO - ============================================================
2025-10-20 10:11:03,617 - INFO - [1/9] SLV - 2025-08-22
2025-10-20 10:11:04,194 - INFO - SLV 2025-08-22: 158 contratos, 121 con datos (76.6%)
2025-10-20 10:11:04,195 - INFO - [2/9] SLV - 2025-08-29
2025-10-20 10:11:06,389 - INFO - SLV 2025-08-29: 644 contratos, 415 con datos (64.4%)
2025-10-20 10:11:06,390 - INFO - [3/9] SLV - 2025-09-05
2025-10-20 10:11:09,882 - INFO - SLV 2025-09-05: 1024 contratos, 651 con datos (63.6%)
2025-10-20 10:11:09,883 - INFO - [4/9] SLV - 2025-09-12
2025-10-20 10:11:13,449 - INFO - SLV 2025-09-12: 1188 contratos, 773 con datos (65.1%)
2025-10-20 10:11:13,450 - INFO - [5/9] SLV - 2025-09-19
2025-10-20 10:11:17,812 - INFO - SLV 2025-09-19: 1344 contratos, 883 con datos (65.7%)
2025-10-20 10:11:17,813 - INFO - [6/9] SLV - 2025-09-26
2025-10-20 10:11:22,681 - INFO - SLV 2025-09-26: 1562 contratos, 1071 con datos (68.6%)
2025-10-20 10:11:22,682 - INFO - [7/9] SLV - 2025-10-03
2025-10-20 10:11:27,717 - INFO - SLV 2025-10-03: 1712 contratos, 1178 con datos (68.8%)
2025-10-20 10:11:27,719 - INFO - [8/9] SLV - 2025-10-10
2025-10-20 10:11:31,198 - INFO - SLV 2025-10-10: 1222 contratos, 838 con datos (68.6%)
2025-10-20 10:11:31,199 - INFO - [9/9] SLV - 2025-10-17
2025-10-20 10:11:33,284 - INFO - SLV 2025-10-17: 740 contratos, 554 con datos (74.9%)
2025-10-20 10:11:33,306 - INFO - 
✅ SLV COMPLETADO
2025-10-20 10:11:33,307 - INFO -    Total registros: 9,594
2025-10-20 10:11:33,307 - INFO -    Fechas: 9
2025-10-20 10:11:33,307 - INFO -    Archivo: data/historical/SLV_60days.parquet
2025-10-20 10:11:33,307 - INFO - 
============================================================
2025-10-20 10:11:33,307 - INFO - EXTRACCIÓN COMPLETADA
2025-10-20 10:11:33,307 - INFO - ============================================================
